{
  "numTotalTestSuites": 116,
  "numPassedTestSuites": 34,
  "numFailedTestSuites": 82,
  "numPendingTestSuites": 0,
  "numTotalTests": 336,
  "numPassedTests": 166,
  "numFailedTests": 170,
  "numPendingTests": 0,
  "numTodoTests": 0,
  "snapshot": {
    "added": 0,
    "failure": false,
    "filesAdded": 0,
    "filesRemoved": 0,
    "filesRemovedList": [],
    "filesUnmatched": 0,
    "filesUpdated": 0,
    "matched": 0,
    "total": 0,
    "unchecked": 0,
    "uncheckedKeysByFile": [],
    "unmatched": 0,
    "updated": 0,
    "didUpdate": false
  },
  "startTime": 1777283034832,
  "success": false,
  "testResults": [
    {
      "assertionResults": [
        {
          "ancestorTitles": ["Chaos Engineering Tests"],
          "fullName": "Chaos Engineering Tests survives localStorage quota exceeded",
          "status": "failed",
          "title": "survives localStorage quota exceeded",
          "duration": 17.152699999999868,
          "failureMessages": [
            "AssertionError: expected [ { …(3) } ] to deep equally contain ObjectContaining{…}\n    at D:/NEXT,js/habit-tracker/src/core/__tests__/chaos.test.ts:115:25\n    at file:///D:/NEXT,js/habit-tracker/node_modules/@vitest/runner/dist/chunk-artifact.js:302:11\n    at file:///D:/NEXT,js/habit-tracker/node_modules/@vitest/runner/dist/chunk-artifact.js:1903:26\n    at file:///D:/NEXT,js/habit-tracker/node_modules/@vitest/runner/dist/chunk-artifact.js:2326:20\n    at new Promise (<anonymous>)\n    at runWithCancel (file:///D:/NEXT,js/habit-tracker/node_modules/@vitest/runner/dist/chunk-artifact.js:2323:10)\n    at file:///D:/NEXT,js/habit-tracker/node_modules/@vitest/runner/dist/chunk-artifact.js:2305:20\n    at new Promise (<anonymous>)\n    at runWithTimeout (file:///D:/NEXT,js/habit-tracker/node_modules/@vitest/runner/dist/chunk-artifact.js:2272:10)\n    at file:///D:/NEXT,js/habit-tracker/node_modules/@vitest/runner/dist/chunk-artifact.js:2955:64"
          ],
          "meta": {},
          "tags": []
        },
        {
          "ancestorTitles": ["Chaos Engineering Tests"],
          "fullName": "Chaos Engineering Tests survives IndexedDB corruption",
          "status": "passed",
          "title": "survives IndexedDB corruption",
          "duration": 1.988800000000083,
          "failureMessages": [],
          "meta": {},
          "tags": []
        },
        {
          "ancestorTitles": ["Chaos Engineering Tests"],
          "fullName": "Chaos Engineering Tests survives network failures with retry logic",
          "status": "failed",
          "title": "survives network failures with retry logic",
          "duration": 3.9078000000001794,
          "failureMessages": [
            "AssertionError: expected [ { type: 'network_failure', …(3) } ] to have a length of 3 but got 1\n    at Proxy.<anonymous> (file:///D:/NEXT,js/habit-tracker/node_modules/vitest/node_modules/@vitest/expect/dist/index.js:1389:20)\n    at Proxy.<anonymous> (file:///D:/NEXT,js/habit-tracker/node_modules/vitest/node_modules/@vitest/expect/dist/index.js:1156:15)\n    at Proxy.methodWrapper (file:///D:/NEXT,js/habit-tracker/node_modules/vitest/node_modules/chai/index.js:1700:25)\n    at D:/NEXT,js/habit-tracker/src/core/__tests__/chaos.test.ts:185:29\n    at processTicksAndRejections (node:internal/process/task_queues:104:5)"
          ],
          "meta": {},
          "tags": []
        },
        {
          "ancestorTitles": ["Chaos Engineering Tests"],
          "fullName": "Chaos Engineering Tests survives API version mismatch",
          "status": "failed",
          "title": "survives API version mismatch",
          "duration": 0.8223000000000411,
          "failureMessages": [
            "TypeError: Cannot read properties of undefined (reading 'addInitScript')\n    at D:/NEXT,js/habit-tracker/src/core/__tests__/chaos.test.ts:192:16\n    at file:///D:/NEXT,js/habit-tracker/node_modules/@vitest/runner/dist/chunk-artifact.js:302:11\n    at file:///D:/NEXT,js/habit-tracker/node_modules/@vitest/runner/dist/chunk-artifact.js:1903:26\n    at file:///D:/NEXT,js/habit-tracker/node_modules/@vitest/runner/dist/chunk-artifact.js:2326:20\n    at new Promise (<anonymous>)\n    at runWithCancel (file:///D:/NEXT,js/habit-tracker/node_modules/@vitest/runner/dist/chunk-artifact.js:2323:10)\n    at file:///D:/NEXT,js/habit-tracker/node_modules/@vitest/runner/dist/chunk-artifact.js:2305:20\n    at new Promise (<anonymous>)\n    at runWithTimeout (file:///D:/NEXT,js/habit-tracker/node_modules/@vitest/runner/dist/chunk-artifact.js:2272:10)\n    at file:///D:/NEXT,js/habit-tracker/node_modules/@vitest/runner/dist/chunk-artifact.js:2955:64"
          ],
          "meta": {},
          "tags": []
        },
        {
          "ancestorTitles": ["Chaos Engineering Tests"],
          "fullName": "Chaos Engineering Tests survives memory pressure",
          "status": "failed",
          "title": "survives memory pressure",
          "duration": 0.7719999999999345,
          "failureMessages": [
            "TypeError: Cannot read properties of undefined (reading 'addInitScript')\n    at D:/NEXT,js/habit-tracker/src/core/__tests__/chaos.test.ts:237:16\n    at file:///D:/NEXT,js/habit-tracker/node_modules/@vitest/runner/dist/chunk-artifact.js:302:11\n    at file:///D:/NEXT,js/habit-tracker/node_modules/@vitest/runner/dist/chunk-artifact.js:1903:26\n    at file:///D:/NEXT,js/habit-tracker/node_modules/@vitest/runner/dist/chunk-artifact.js:2326:20\n    at new Promise (<anonymous>)\n    at runWithCancel (file:///D:/NEXT,js/habit-tracker/node_modules/@vitest/runner/dist/chunk-artifact.js:2323:10)\n    at file:///D:/NEXT,js/habit-tracker/node_modules/@vitest/runner/dist/chunk-artifact.js:2305:20\n    at new Promise (<anonymous>)\n    at runWithTimeout (file:///D:/NEXT,js/habit-tracker/node_modules/@vitest/runner/dist/chunk-artifact.js:2272:10)\n    at file:///D:/NEXT,js/habit-tracker/node_modules/@vitest/runner/dist/chunk-artifact.js:2955:64"
          ],
          "meta": {},
          "tags": []
        },
        {
          "ancestorTitles": ["Chaos Engineering Tests"],
          "fullName": "Chaos Engineering Tests survives component crashes",
          "status": "failed",
          "title": "survives component crashes",
          "duration": 0.8617000000001553,
          "failureMessages": [
            "TypeError: Cannot read properties of undefined (reading 'addInitScript')\n    at D:/NEXT,js/habit-tracker/src/core/__tests__/chaos.test.ts:276:16\n    at file:///D:/NEXT,js/habit-tracker/node_modules/@vitest/runner/dist/chunk-artifact.js:302:11\n    at file:///D:/NEXT,js/habit-tracker/node_modules/@vitest/runner/dist/chunk-artifact.js:1903:26\n    at file:///D:/NEXT,js/habit-tracker/node_modules/@vitest/runner/dist/chunk-artifact.js:2326:20\n    at new Promise (<anonymous>)\n    at runWithCancel (file:///D:/NEXT,js/habit-tracker/node_modules/@vitest/runner/dist/chunk-artifact.js:2323:10)\n    at file:///D:/NEXT,js/habit-tracker/node_modules/@vitest/runner/dist/chunk-artifact.js:2305:20\n    at new Promise (<anonymous>)\n    at runWithTimeout (file:///D:/NEXT,js/habit-tracker/node_modules/@vitest/runner/dist/chunk-artifact.js:2272:10)\n    at file:///D:/NEXT,js/habit-tracker/node_modules/@vitest/runner/dist/chunk-artifact.js:2955:64"
          ],
          "meta": {},
          "tags": []
        },
        {
          "ancestorTitles": ["Chaos Engineering Tests"],
          "fullName": "Chaos Engineering Tests survives partial API failures",
          "status": "failed",
          "title": "survives partial API failures",
          "duration": 1.1306999999999334,
          "failureMessages": [
            "TypeError: Cannot read properties of undefined (reading 'addInitScript')\n    at D:/NEXT,js/habit-tracker/src/core/__tests__/chaos.test.ts:309:16\n    at file:///D:/NEXT,js/habit-tracker/node_modules/@vitest/runner/dist/chunk-artifact.js:302:11\n    at file:///D:/NEXT,js/habit-tracker/node_modules/@vitest/runner/dist/chunk-artifact.js:1903:26\n    at file:///D:/NEXT,js/habit-tracker/node_modules/@vitest/runner/dist/chunk-artifact.js:2326:20\n    at new Promise (<anonymous>)\n    at runWithCancel (file:///D:/NEXT,js/habit-tracker/node_modules/@vitest/runner/dist/chunk-artifact.js:2323:10)\n    at file:///D:/NEXT,js/habit-tracker/node_modules/@vitest/runner/dist/chunk-artifact.js:2305:20\n    at new Promise (<anonymous>)\n    at runWithTimeout (file:///D:/NEXT,js/habit-tracker/node_modules/@vitest/runner/dist/chunk-artifact.js:2272:10)\n    at file:///D:/NEXT,js/habit-tracker/node_modules/@vitest/runner/dist/chunk-artifact.js:2955:64"
          ],
          "meta": {},
          "tags": []
        },
        {
          "ancestorTitles": ["Chaos Engineering Tests"],
          "fullName": "Chaos Engineering Tests survives performance budget violations",
          "status": "failed",
          "title": "survives performance budget violations",
          "duration": 1.2275999999999385,
          "failureMessages": [
            "TypeError: Cannot read properties of undefined (reading 'addInitScript')\n    at D:/NEXT,js/habit-tracker/src/core/__tests__/chaos.test.ts:368:16\n    at file:///D:/NEXT,js/habit-tracker/node_modules/@vitest/runner/dist/chunk-artifact.js:302:11\n    at file:///D:/NEXT,js/habit-tracker/node_modules/@vitest/runner/dist/chunk-artifact.js:1903:26\n    at file:///D:/NEXT,js/habit-tracker/node_modules/@vitest/runner/dist/chunk-artifact.js:2326:20\n    at new Promise (<anonymous>)\n    at runWithCancel (file:///D:/NEXT,js/habit-tracker/node_modules/@vitest/runner/dist/chunk-artifact.js:2323:10)\n    at file:///D:/NEXT,js/habit-tracker/node_modules/@vitest/runner/dist/chunk-artifact.js:2305:20\n    at new Promise (<anonymous>)\n    at runWithTimeout (file:///D:/NEXT,js/habit-tracker/node_modules/@vitest/runner/dist/chunk-artifact.js:2272:10)\n    at file:///D:/NEXT,js/habit-tracker/node_modules/@vitest/runner/dist/chunk-artifact.js:2955:64"
          ],
          "meta": {},
          "tags": []
        },
        {
          "ancestorTitles": ["Chaos Engineering Tests"],
          "fullName": "Chaos Engineering Tests survives monitoring service failures",
          "status": "failed",
          "title": "survives monitoring service failures",
          "duration": 0.6422000000000025,
          "failureMessages": [
            "TypeError: Cannot read properties of undefined (reading 'addInitScript')\n    at D:/NEXT,js/habit-tracker/src/core/__tests__/chaos.test.ts:411:16\n    at file:///D:/NEXT,js/habit-tracker/node_modules/@vitest/runner/dist/chunk-artifact.js:302:11\n    at file:///D:/NEXT,js/habit-tracker/node_modules/@vitest/runner/dist/chunk-artifact.js:1903:26\n    at file:///D:/NEXT,js/habit-tracker/node_modules/@vitest/runner/dist/chunk-artifact.js:2326:20\n    at new Promise (<anonymous>)\n    at runWithCancel (file:///D:/NEXT,js/habit-tracker/node_modules/@vitest/runner/dist/chunk-artifact.js:2323:10)\n    at file:///D:/NEXT,js/habit-tracker/node_modules/@vitest/runner/dist/chunk-artifact.js:2305:20\n    at new Promise (<anonymous>)\n    at runWithTimeout (file:///D:/NEXT,js/habit-tracker/node_modules/@vitest/runner/dist/chunk-artifact.js:2272:10)\n    at file:///D:/NEXT,js/habit-tracker/node_modules/@vitest/runner/dist/chunk-artifact.js:2955:64"
          ],
          "meta": {},
          "tags": []
        },
        {
          "ancestorTitles": ["Chaos Engineering Tests"],
          "fullName": "Chaos Engineering Tests survives cookie consent failures",
          "status": "failed",
          "title": "survives cookie consent failures",
          "duration": 0.584400000000187,
          "failureMessages": [
            "TypeError: Cannot read properties of undefined (reading 'addInitScript')\n    at D:/NEXT,js/habit-tracker/src/core/__tests__/chaos.test.ts:439:16\n    at file:///D:/NEXT,js/habit-tracker/node_modules/@vitest/runner/dist/chunk-artifact.js:302:11\n    at file:///D:/NEXT,js/habit-tracker/node_modules/@vitest/runner/dist/chunk-artifact.js:1903:26\n    at file:///D:/NEXT,js/habit-tracker/node_modules/@vitest/runner/dist/chunk-artifact.js:2326:20\n    at new Promise (<anonymous>)\n    at runWithCancel (file:///D:/NEXT,js/habit-tracker/node_modules/@vitest/runner/dist/chunk-artifact.js:2323:10)\n    at file:///D:/NEXT,js/habit-tracker/node_modules/@vitest/runner/dist/chunk-artifact.js:2305:20\n    at new Promise (<anonymous>)\n    at runWithTimeout (file:///D:/NEXT,js/habit-tracker/node_modules/@vitest/runner/dist/chunk-artifact.js:2272:10)\n    at file:///D:/NEXT,js/habit-tracker/node_modules/@vitest/runner/dist/chunk-artifact.js:2955:64"
          ],
          "meta": {},
          "tags": []
        },
        {
          "ancestorTitles": ["Chaos Engineering Tests"],
          "fullName": "Chaos Engineering Tests comprehensive chaos resilience test",
          "status": "failed",
          "title": "comprehensive chaos resilience test",
          "duration": 0.5779999999999745,
          "failureMessages": [
            "TypeError: Cannot read properties of undefined (reading 'addInitScript')\n    at D:/NEXT,js/habit-tracker/src/core/__tests__/chaos.test.ts:476:16\n    at file:///D:/NEXT,js/habit-tracker/node_modules/@vitest/runner/dist/chunk-artifact.js:302:11\n    at file:///D:/NEXT,js/habit-tracker/node_modules/@vitest/runner/dist/chunk-artifact.js:1903:26\n    at file:///D:/NEXT,js/habit-tracker/node_modules/@vitest/runner/dist/chunk-artifact.js:2326:20\n    at new Promise (<anonymous>)\n    at runWithCancel (file:///D:/NEXT,js/habit-tracker/node_modules/@vitest/runner/dist/chunk-artifact.js:2323:10)\n    at file:///D:/NEXT,js/habit-tracker/node_modules/@vitest/runner/dist/chunk-artifact.js:2305:20\n    at new Promise (<anonymous>)\n    at runWithTimeout (file:///D:/NEXT,js/habit-tracker/node_modules/@vitest/runner/dist/chunk-artifact.js:2272:10)\n    at file:///D:/NEXT,js/habit-tracker/node_modules/@vitest/runner/dist/chunk-artifact.js:2955:64"
          ],
          "meta": {},
          "tags": []
        }
      ],
      "startTime": 1777283046500,
      "endTime": 1777283046530.578,
      "status": "failed",
      "message": "",
      "name": "D:/NEXT,js/habit-tracker/src/core/__tests__/chaos.test.ts"
    },
    {
      "assertionResults": [
        {
          "ancestorTitles": ["Button Component"],
          "fullName": "Button Component renders with correct text",
          "status": "passed",
          "title": "renders with correct text",
          "duration": 82.69489999999996,
          "failureMessages": [],
          "meta": {},
          "tags": []
        },
        {
          "ancestorTitles": ["Button Component"],
          "fullName": "Button Component handles click events",
          "status": "failed",
          "title": "handles click events",
          "duration": 10.078099999999722,
          "failureMessages": [
            "ReferenceError: jest is not defined\n    at D:/NEXT,js/habit-tracker/src/__tests__/components/Button.test.tsx:11:25\n    at file:///D:/NEXT,js/habit-tracker/node_modules/@vitest/runner/dist/chunk-artifact.js:302:11\n    at file:///D:/NEXT,js/habit-tracker/node_modules/@vitest/runner/dist/chunk-artifact.js:1903:26\n    at file:///D:/NEXT,js/habit-tracker/node_modules/@vitest/runner/dist/chunk-artifact.js:2326:20\n    at new Promise (<anonymous>)\n    at runWithCancel (file:///D:/NEXT,js/habit-tracker/node_modules/@vitest/runner/dist/chunk-artifact.js:2323:10)\n    at file:///D:/NEXT,js/habit-tracker/node_modules/@vitest/runner/dist/chunk-artifact.js:2305:20\n    at new Promise (<anonymous>)\n    at runWithTimeout (file:///D:/NEXT,js/habit-tracker/node_modules/@vitest/runner/dist/chunk-artifact.js:2272:10)\n    at file:///D:/NEXT,js/habit-tracker/node_modules/@vitest/runner/dist/chunk-artifact.js:2955:64"
          ],
          "meta": {},
          "tags": []
        },
        {
          "ancestorTitles": ["Button Component"],
          "fullName": "Button Component applies variant styles correctly",
          "status": "passed",
          "title": "applies variant styles correctly",
          "duration": 6.415099999999711,
          "failureMessages": [],
          "meta": {},
          "tags": []
        },
        {
          "ancestorTitles": ["Button Component"],
          "fullName": "Button Component is disabled when disabled prop is true",
          "status": "passed",
          "title": "is disabled when disabled prop is true",
          "duration": 5.620199999999841,
          "failureMessages": [],
          "meta": {},
          "tags": []
        },
        {
          "ancestorTitles": ["Button Component"],
          "fullName": "Button Component shows loading state",
          "status": "passed",
          "title": "shows loading state",
          "duration": 14.40560000000005,
          "failureMessages": [],
          "meta": {},
          "tags": []
        },
        {
          "ancestorTitles": ["Button Component"],
          "fullName": "Button Component has correct accessibility attributes",
          "status": "passed",
          "title": "has correct accessibility attributes",
          "duration": 7.831000000000131,
          "failureMessages": [],
          "meta": {},
          "tags": []
        }
      ],
      "startTime": 1777283045158,
      "endTime": 1777283045285.831,
      "status": "failed",
      "message": "",
      "name": "D:/NEXT,js/habit-tracker/src/__tests__/components/Button.test.tsx"
    },
    {
      "assertionResults": [
        {
          "ancestorTitles": ["ErrorBoundary Component"],
          "fullName": "ErrorBoundary Component should render children when there is no error",
          "status": "passed",
          "title": "should render children when there is no error",
          "duration": 74.44400000000041,
          "failureMessages": [],
          "meta": {},
          "tags": []
        },
        {
          "ancestorTitles": ["ErrorBoundary Component"],
          "fullName": "ErrorBoundary Component should catch and display fallback when error occurs",
          "status": "failed",
          "title": "should catch and display fallback when error occurs",
          "duration": 43.01630000000023,
          "failureMessages": [
            "Error: Test error\n    at ThrowErrorComponent (D:/NEXT,js/habit-tracker/src/core/error-boundary/__tests__/error-boundary.test.tsx:40:13)\n    at renderWithHooks (D:\\NEXT,js\\habit-tracker\\node_modules\\react-dom\\cjs\\react-dom.development.js:15486:18)\n    at mountIndeterminateComponent (D:\\NEXT,js\\habit-tracker\\node_modules\\react-dom\\cjs\\react-dom.development.js:20103:13)\n    at beginWork (D:\\NEXT,js\\habit-tracker\\node_modules\\react-dom\\cjs\\react-dom.development.js:21626:16)\n    at beginWork$1 (D:\\NEXT,js\\habit-tracker\\node_modules\\react-dom\\cjs\\react-dom.development.js:27465:14)\n    at performUnitOfWork (D:\\NEXT,js\\habit-tracker\\node_modules\\react-dom\\cjs\\react-dom.development.js:26599:12)\n    at workLoopSync (D:\\NEXT,js\\habit-tracker\\node_modules\\react-dom\\cjs\\react-dom.development.js:26505:5)\n    at renderRootSync (D:\\NEXT,js\\habit-tracker\\node_modules\\react-dom\\cjs\\react-dom.development.js:26473:7)\n    at recoverFromConcurrentError (D:\\NEXT,js\\habit-tracker\\node_modules\\react-dom\\cjs\\react-dom.development.js:25889:20)\n    at performConcurrentWorkOnRoot (D:\\NEXT,js\\habit-tracker\\node_modules\\react-dom\\cjs\\react-dom.development.js:25789:22)"
          ],
          "meta": {},
          "tags": []
        },
        {
          "ancestorTitles": ["ErrorBoundary Component"],
          "fullName": "ErrorBoundary Component should call onError callback when error occurs",
          "status": "failed",
          "title": "should call onError callback when error occurs",
          "duration": 13.771700000000237,
          "failureMessages": [
            "Error: Test error\n    at ThrowErrorComponent (D:/NEXT,js/habit-tracker/src/core/error-boundary/__tests__/error-boundary.test.tsx:40:13)\n    at renderWithHooks (D:\\NEXT,js\\habit-tracker\\node_modules\\react-dom\\cjs\\react-dom.development.js:15486:18)\n    at mountIndeterminateComponent (D:\\NEXT,js\\habit-tracker\\node_modules\\react-dom\\cjs\\react-dom.development.js:20103:13)\n    at beginWork (D:\\NEXT,js\\habit-tracker\\node_modules\\react-dom\\cjs\\react-dom.development.js:21626:16)\n    at beginWork$1 (D:\\NEXT,js\\habit-tracker\\node_modules\\react-dom\\cjs\\react-dom.development.js:27465:14)\n    at performUnitOfWork (D:\\NEXT,js\\habit-tracker\\node_modules\\react-dom\\cjs\\react-dom.development.js:26599:12)\n    at workLoopSync (D:\\NEXT,js\\habit-tracker\\node_modules\\react-dom\\cjs\\react-dom.development.js:26505:5)\n    at renderRootSync (D:\\NEXT,js\\habit-tracker\\node_modules\\react-dom\\cjs\\react-dom.development.js:26473:7)\n    at recoverFromConcurrentError (D:\\NEXT,js\\habit-tracker\\node_modules\\react-dom\\cjs\\react-dom.development.js:25889:20)\n    at performConcurrentWorkOnRoot (D:\\NEXT,js\\habit-tracker\\node_modules\\react-dom\\cjs\\react-dom.development.js:25789:22)"
          ],
          "meta": {},
          "tags": []
        },
        {
          "ancestorTitles": ["ErrorBoundary Component"],
          "fullName": "ErrorBoundary Component should reset when resetKeys change",
          "status": "failed",
          "title": "should reset when resetKeys change",
          "duration": 11.241400000000795,
          "failureMessages": [
            "Error: Test error\n    at ThrowErrorComponent (D:/NEXT,js/habit-tracker/src/core/error-boundary/__tests__/error-boundary.test.tsx:40:13)\n    at renderWithHooks (D:\\NEXT,js\\habit-tracker\\node_modules\\react-dom\\cjs\\react-dom.development.js:15486:18)\n    at mountIndeterminateComponent (D:\\NEXT,js\\habit-tracker\\node_modules\\react-dom\\cjs\\react-dom.development.js:20103:13)\n    at beginWork (D:\\NEXT,js\\habit-tracker\\node_modules\\react-dom\\cjs\\react-dom.development.js:21626:16)\n    at beginWork$1 (D:\\NEXT,js\\habit-tracker\\node_modules\\react-dom\\cjs\\react-dom.development.js:27465:14)\n    at performUnitOfWork (D:\\NEXT,js\\habit-tracker\\node_modules\\react-dom\\cjs\\react-dom.development.js:26599:12)\n    at workLoopSync (D:\\NEXT,js\\habit-tracker\\node_modules\\react-dom\\cjs\\react-dom.development.js:26505:5)\n    at renderRootSync (D:\\NEXT,js\\habit-tracker\\node_modules\\react-dom\\cjs\\react-dom.development.js:26473:7)\n    at recoverFromConcurrentError (D:\\NEXT,js\\habit-tracker\\node_modules\\react-dom\\cjs\\react-dom.development.js:25889:20)\n    at performConcurrentWorkOnRoot (D:\\NEXT,js\\habit-tracker\\node_modules\\react-dom\\cjs\\react-dom.development.js:25789:22)"
          ],
          "meta": {},
          "tags": []
        },
        {
          "ancestorTitles": ["ErrorBoundary Component"],
          "fullName": "ErrorBoundary Component should handle retry strategy",
          "status": "failed",
          "title": "should handle retry strategy",
          "duration": 7.696399999999812,
          "failureMessages": [
            "Error: Test error\n    at ThrowErrorComponent (D:/NEXT,js/habit-tracker/src/core/error-boundary/__tests__/error-boundary.test.tsx:40:13)\n    at renderWithHooks (D:\\NEXT,js\\habit-tracker\\node_modules\\react-dom\\cjs\\react-dom.development.js:15486:18)\n    at mountIndeterminateComponent (D:\\NEXT,js\\habit-tracker\\node_modules\\react-dom\\cjs\\react-dom.development.js:20103:13)\n    at beginWork (D:\\NEXT,js\\habit-tracker\\node_modules\\react-dom\\cjs\\react-dom.development.js:21626:16)\n    at beginWork$1 (D:\\NEXT,js\\habit-tracker\\node_modules\\react-dom\\cjs\\react-dom.development.js:27465:14)\n    at performUnitOfWork (D:\\NEXT,js\\habit-tracker\\node_modules\\react-dom\\cjs\\react-dom.development.js:26599:12)\n    at workLoopSync (D:\\NEXT,js\\habit-tracker\\node_modules\\react-dom\\cjs\\react-dom.development.js:26505:5)\n    at renderRootSync (D:\\NEXT,js\\habit-tracker\\node_modules\\react-dom\\cjs\\react-dom.development.js:26473:7)\n    at recoverFromConcurrentError (D:\\NEXT,js\\habit-tracker\\node_modules\\react-dom\\cjs\\react-dom.development.js:25889:20)\n    at performConcurrentWorkOnRoot (D:\\NEXT,js\\habit-tracker\\node_modules\\react-dom\\cjs\\react-dom.development.js:25789:22)"
          ],
          "meta": {},
          "tags": []
        },
        {
          "ancestorTitles": ["ErrorBoundary Component"],
          "fullName": "ErrorBoundary Component should generate unique error ID based on component hierarchy",
          "status": "failed",
          "title": "should generate unique error ID based on component hierarchy",
          "duration": 33.32589999999982,
          "failureMessages": [
            "AssertionError: expected  to have a length of 2 but got +0\n    at Proxy.<anonymous> (file:///D:/NEXT,js/habit-tracker/node_modules/vitest/node_modules/@vitest/expect/dist/index.js:1389:20)\n    at Proxy.<anonymous> (file:///D:/NEXT,js/habit-tracker/node_modules/vitest/node_modules/@vitest/expect/dist/index.js:1156:15)\n    at Proxy.methodWrapper (file:///D:/NEXT,js/habit-tracker/node_modules/vitest/node_modules/chai/index.js:1700:25)\n    at D:/NEXT,js/habit-tracker/src/core/error-boundary/__tests__/error-boundary.test.tsx:142:24\n    at file:///D:/NEXT,js/habit-tracker/node_modules/@vitest/runner/dist/chunk-artifact.js:302:11\n    at file:///D:/NEXT,js/habit-tracker/node_modules/@vitest/runner/dist/chunk-artifact.js:1903:26\n    at file:///D:/NEXT,js/habit-tracker/node_modules/@vitest/runner/dist/chunk-artifact.js:2326:20\n    at new Promise (<anonymous>)\n    at runWithCancel (file:///D:/NEXT,js/habit-tracker/node_modules/@vitest/runner/dist/chunk-artifact.js:2323:10)\n    at file:///D:/NEXT,js/habit-tracker/node_modules/@vitest/runner/dist/chunk-artifact.js:2305:20"
          ],
          "meta": {},
          "tags": []
        },
        {
          "ancestorTitles": ["withErrorBoundary HOC"],
          "fullName": "withErrorBoundary HOC should wrap component with error boundary",
          "status": "passed",
          "title": "should wrap component with error boundary",
          "duration": 11.552200000000084,
          "failureMessages": [],
          "meta": {},
          "tags": []
        },
        {
          "ancestorTitles": ["withErrorBoundary HOC"],
          "fullName": "withErrorBoundary HOC should catch errors in wrapped component",
          "status": "failed",
          "title": "should catch errors in wrapped component",
          "duration": 46.879399999999805,
          "failureMessages": [
            "Error: HOC test error\n    at ThrowingComponent (D:/NEXT,js/habit-tracker/src/core/error-boundary/__tests__/error-boundary.test.tsx:151:13)\n    at renderWithHooks (D:\\NEXT,js\\habit-tracker\\node_modules\\react-dom\\cjs\\react-dom.development.js:15486:18)\n    at mountIndeterminateComponent (D:\\NEXT,js\\habit-tracker\\node_modules\\react-dom\\cjs\\react-dom.development.js:20103:13)\n    at beginWork (D:\\NEXT,js\\habit-tracker\\node_modules\\react-dom\\cjs\\react-dom.development.js:21626:16)\n    at beginWork$1 (D:\\NEXT,js\\habit-tracker\\node_modules\\react-dom\\cjs\\react-dom.development.js:27465:14)\n    at performUnitOfWork (D:\\NEXT,js\\habit-tracker\\node_modules\\react-dom\\cjs\\react-dom.development.js:26599:12)\n    at workLoopSync (D:\\NEXT,js\\habit-tracker\\node_modules\\react-dom\\cjs\\react-dom.development.js:26505:5)\n    at renderRootSync (D:\\NEXT,js\\habit-tracker\\node_modules\\react-dom\\cjs\\react-dom.development.js:26473:7)\n    at recoverFromConcurrentError (D:\\NEXT,js\\habit-tracker\\node_modules\\react-dom\\cjs\\react-dom.development.js:25889:20)\n    at performConcurrentWorkOnRoot (D:\\NEXT,js\\habit-tracker\\node_modules\\react-dom\\cjs\\react-dom.development.js:25789:22)"
          ],
          "meta": {},
          "tags": []
        },
        {
          "ancestorTitles": ["withErrorBoundary HOC"],
          "fullName": "withErrorBoundary HOC should pass props to wrapped component",
          "status": "passed",
          "title": "should pass props to wrapped component",
          "duration": 6.615099999999984,
          "failureMessages": [],
          "meta": {},
          "tags": []
        },
        {
          "ancestorTitles": ["Error Fallback Components"],
          "fullName": "Error Fallback Components ProductionFallback should render minimal UI",
          "status": "passed",
          "title": "ProductionFallback should render minimal UI",
          "duration": 558.2225000000008,
          "failureMessages": [],
          "meta": {},
          "tags": []
        },
        {
          "ancestorTitles": ["Error Fallback Components"],
          "fullName": "Error Fallback Components ProductionFallback should adapt to severity levels",
          "status": "passed",
          "title": "ProductionFallback should adapt to severity levels",
          "duration": 56.48990000000049,
          "failureMessages": [],
          "meta": {},
          "tags": []
        },
        {
          "ancestorTitles": ["Error Fallback Components"],
          "fullName": "Error Fallback Components DevFallback should show detailed information",
          "status": "passed",
          "title": "DevFallback should show detailed information",
          "duration": 93.77790000000005,
          "failureMessages": [],
          "meta": {},
          "tags": []
        },
        {
          "ancestorTitles": ["Error Fallback Components"],
          "fullName": "Error Fallback Components DevFallback should toggle details visibility",
          "status": "passed",
          "title": "DevFallback should toggle details visibility",
          "duration": 88.27310000000034,
          "failureMessages": [],
          "meta": {},
          "tags": []
        },
        {
          "ancestorTitles": ["Error Fallback Components"],
          "fullName": "Error Fallback Components DevFallback should copy error details",
          "status": "passed",
          "title": "DevFallback should copy error details",
          "duration": 69.84730000000036,
          "failureMessages": [],
          "meta": {},
          "tags": []
        },
        {
          "ancestorTitles": ["Error Fallback Components"],
          "fullName": "Error Fallback Components AdaptiveFallback should choose appropriate component",
          "status": "failed",
          "title": "AdaptiveFallback should choose appropriate component",
          "duration": 64.15179999999964,
          "failureMessages": [
            "TestingLibraryElementError: Unable to find an element with the text: /Error Stack/i. This could be because the text is broken up by multiple elements. In this case, you can provide a function for your text matcher to make your matcher more flexible.\n\nIgnored nodes: comments, script, style\n\u001b[36m<body>\u001b[39m\n  \u001b[36m<div>\u001b[39m\n    \u001b[36m<div\u001b[39m\n      \u001b[33maria-live\u001b[39m=\u001b[32m\"polite\"\u001b[39m\n      \u001b[33mclass\u001b[39m=\u001b[32m\"error-fallback error-fallback-development\"\u001b[39m\n      \u001b[33mdata-boundary-id\u001b[39m=\u001b[32m\"test\"\u001b[39m\n      \u001b[33mrole\u001b[39m=\u001b[32m\"alert\"\u001b[39m\n    \u001b[36m>\u001b[39m\n      \u001b[36m<div\u001b[39m\n        \u001b[33mclass\u001b[39m=\u001b[32m\"error-fallback-header\"\u001b[39m\n      \u001b[36m>\u001b[39m\n        \u001b[36m<div\u001b[39m\n          \u001b[33mclass\u001b[39m=\u001b[32m\"error-fallback-title-section\"\u001b[39m\n        \u001b[36m>\u001b[39m\n          \u001b[36m<h3\u001b[39m\n            \u001b[33mclass\u001b[39m=\u001b[32m\"error-fallback-title\"\u001b[39m\n          \u001b[36m>\u001b[39m\n            \u001b[0mComponent Error\u001b[0m\n          \u001b[36m</h3>\u001b[39m\n          \u001b[36m<span\u001b[39m\n            \u001b[33mclass\u001b[39m=\u001b[32m\"error-fallback-severity\"\u001b[39m\n          \u001b[36m>\u001b[39m\n            \u001b[0mMEDIUM\u001b[0m\n          \u001b[36m</span>\u001b[39m\n        \u001b[36m</div>\u001b[39m\n        \u001b[36m<div\u001b[39m\n          \u001b[33mclass\u001b[39m=\u001b[32m\"error-fallback-actions\"\u001b[39m\n        \u001b[36m>\u001b[39m\n          \u001b[36m<button\u001b[39m\n            \u001b[33maria-controls\u001b[39m=\u001b[32m\"error-details\"\u001b[39m\n            \u001b[33maria-expanded\u001b[39m=\u001b[32m\"false\"\u001b[39m\n            \u001b[33mclass\u001b[39m=\u001b[32m\"error-fallback-button error-fallback-toggle\"\u001b[39m\n          \u001b[36m>\u001b[39m\n            \u001b[0mShow\u001b[0m\n            \u001b[0m Details\u001b[0m\n          \u001b[36m</button>\u001b[39m\n          \u001b[36m<button\u001b[39m\n            \u001b[33maria-label\u001b[39m=\u001b[32m\"Copy error details\"\u001b[39m\n            \u001b[33mclass\u001b[39m=\u001b[32m\"error-fallback-button error-fallback-copy\"\u001b[39m\n          \u001b[36m>\u001b[39m\n            \u001b[0mCopy\u001b[0m\n          \u001b[36m</button>\u001b[39m\n        \u001b[36m</div>\u001b[39m\n      \u001b[36m</div>\u001b[39m\n      \u001b[36m<div\u001b[39m\n        \u001b[33mclass\u001b[39m=\u001b[32m\"error-fallback-summary\"\u001b[39m\n      \u001b[36m>\u001b[39m\n        \u001b[36m<p\u001b[39m\n          \u001b[33mclass\u001b[39m=\u001b[32m\"error-fallback-message\"\u001b[39m\n        \u001b[36m>\u001b[39m\n          \u001b[36m<strong>\u001b[39m\n            \u001b[0mError\u001b[0m\n            \u001b[0m:\u001b[0m\n          \u001b[36m</strong>\u001b[39m\n          \u001b[0m \u001b[0m\n          \u001b[0mTest error\u001b[0m\n        \u001b[36m</p>\u001b[39m\n        \u001b[36m<p\u001b[39m\n          \u001b[33mclass\u001b[39m=\u001b[32m\"error-fallback-boundary\"\u001b[39m\n        \u001b[36m>\u001b[39m\n          \u001b[0mBoundary: \u001b[0m\n          \u001b[0mtest\u001b[0m\n          \u001b[0m \u001b[0m\n        \u001b[36m</p>\u001b[39m\n      \u001b[36m</div>\u001b[39m\n    \u001b[36m</div>\u001b[39m\n  \u001b[36m</div>\u001b[39m\n\u001b[36m</body>\u001b[39m\n    at Object.getElementError (D:\\NEXT,js\\habit-tracker\\node_modules\\@testing-library\\dom\\dist\\config.js:37:19)\n    at D:\\NEXT,js\\habit-tracker\\node_modules\\@testing-library\\dom\\dist\\query-helpers.js:76:38\n    at D:\\NEXT,js\\habit-tracker\\node_modules\\@testing-library\\dom\\dist\\query-helpers.js:52:17\n    at D:\\NEXT,js\\habit-tracker\\node_modules\\@testing-library\\dom\\dist\\query-helpers.js:95:19\n    at D:/NEXT,js/habit-tracker/src/core/error-boundary/__tests__/error-boundary.test.tsx:282:19\n    at file:///D:/NEXT,js/habit-tracker/node_modules/@vitest/runner/dist/chunk-artifact.js:302:11\n    at file:///D:/NEXT,js/habit-tracker/node_modules/@vitest/runner/dist/chunk-artifact.js:1903:26\n    at file:///D:/NEXT,js/habit-tracker/node_modules/@vitest/runner/dist/chunk-artifact.js:2326:20\n    at new Promise (<anonymous>)\n    at runWithCancel (file:///D:/NEXT,js/habit-tracker/node_modules/@vitest/runner/dist/chunk-artifact.js:2323:10)"
          ],
          "meta": {},
          "tags": []
        },
        {
          "ancestorTitles": ["Error Fallback Components"],
          "fullName": "Error Fallback Components MinimalFallback should render inline error",
          "status": "passed",
          "title": "MinimalFallback should render inline error",
          "duration": 28.13929999999982,
          "failureMessages": [],
          "meta": {},
          "tags": []
        },
        {
          "ancestorTitles": ["Error Fallback Components"],
          "fullName": "Error Fallback Components AsyncFallback should handle async operation errors",
          "status": "failed",
          "title": "AsyncFallback should handle async operation errors",
          "duration": 34.99539999999979,
          "failureMessages": [
            "TestingLibraryElementError: Unable to find an element with the text: An async operation failed to complete.. This could be because the text is broken up by multiple elements. In this case, you can provide a function for your text matcher to make your matcher more flexible.\n\nIgnored nodes: comments, script, style\n\u001b[36m<body>\u001b[39m\n  \u001b[36m<div>\u001b[39m\n    \u001b[36m<div\u001b[39m\n      \u001b[33maria-live\u001b[39m=\u001b[32m\"polite\"\u001b[39m\n      \u001b[33mclass\u001b[39m=\u001b[32m\"error-fallback-async\"\u001b[39m\n      \u001b[33mrole\u001b[39m=\u001b[32m\"alert\"\u001b[39m\n    \u001b[36m>\u001b[39m\n      \u001b[36m<div\u001b[39m\n        \u001b[33mclass\u001b[39m=\u001b[32m\"error-fallback-async-content\"\u001b[39m\n      \u001b[36m>\u001b[39m\n        \u001b[36m<div\u001b[39m\n          \u001b[33mclass\u001b[39m=\u001b[32m\"error-fallback-async-icon\"\u001b[39m\n        \u001b[36m>\u001b[39m\n          \u001b[36m<svg\u001b[39m\n            \u001b[33maria-hidden\u001b[39m=\u001b[32m\"true\"\u001b[39m\n            \u001b[33mfill\u001b[39m=\u001b[32m\"none\"\u001b[39m\n            \u001b[33mheight\u001b[39m=\u001b[32m\"20\"\u001b[39m\n            \u001b[33mviewBox\u001b[39m=\u001b[32m\"0 0 24 24\"\u001b[39m\n            \u001b[33mwidth\u001b[39m=\u001b[32m\"20\"\u001b[39m\n            \u001b[33mxmlns\u001b[39m=\u001b[32m\"http://www.w3.org/2000/svg\"\u001b[39m\n          \u001b[36m>\u001b[39m\n            \u001b[36m<path\u001b[39m\n              \u001b[33md\u001b[39m=\u001b[32m\"M12 8V12M12 16H12.01M21 12C21 16.9706 16.9706 21 12 21C7.02944 21 3 16.9706 3 12C3 7.02944 7.02944 3 12 3C16.9706 3 21 7.02944 21 12Z\"\u001b[39m\n              \u001b[33mstroke\u001b[39m=\u001b[32m\"currentColor\"\u001b[39m\n              \u001b[33mstroke-linecap\u001b[39m=\u001b[32m\"round\"\u001b[39m\n              \u001b[33mstroke-width\u001b[39m=\u001b[32m\"2\"\u001b[39m\n            \u001b[36m/>\u001b[39m\n          \u001b[36m</svg>\u001b[39m\n        \u001b[36m</div>\u001b[39m\n        \u001b[36m<div\u001b[39m\n          \u001b[33mclass\u001b[39m=\u001b[32m\"error-fallback-async-message\"\u001b[39m\n        \u001b[36m>\u001b[39m\n          \u001b[36m<p\u001b[39m\n            \u001b[33mclass\u001b[39m=\u001b[32m\"error-fallback-async-title\"\u001b[39m\n          \u001b[36m>\u001b[39m\n            \u001b[0mOperation failed\u001b[0m\n          \u001b[36m</p>\u001b[39m\n          \u001b[36m<p\u001b[39m\n            \u001b[33mclass\u001b[39m=\u001b[32m\"error-fallback-async-description\"\u001b[39m\n          \u001b[36m>\u001b[39m\n            \u001b[0mTest error\u001b[0m\n          \u001b[36m</p>\u001b[39m\n        \u001b[36m</div>\u001b[39m\n        \u001b[36m<button\u001b[39m\n          \u001b[33maria-label\u001b[39m=\u001b[32m\"Retry operation\"\u001b[39m\n          \u001b[33mclass\u001b[39m=\u001b[32m\"error-fallback-async-button\"\u001b[39m\n        \u001b[36m>\u001b[39m\n          \u001b[0mRetry\u001b[0m\n        \u001b[36m</button>\u001b[39m\n      \u001b[36m</div>\u001b[39m\n    \u001b[36m</div>\u001b[39m\n  \u001b[36m</div>\u001b[39m\n\u001b[36m</body>\u001b[39m\n    at Object.getElementError (D:\\NEXT,js\\habit-tracker\\node_modules\\@testing-library\\dom\\dist\\config.js:37:19)\n    at D:\\NEXT,js\\habit-tracker\\node_modules\\@testing-library\\dom\\dist\\query-helpers.js:76:38\n    at D:\\NEXT,js\\habit-tracker\\node_modules\\@testing-library\\dom\\dist\\query-helpers.js:52:17\n    at D:\\NEXT,js\\habit-tracker\\node_modules\\@testing-library\\dom\\dist\\query-helpers.js:95:19\n    at D:/NEXT,js/habit-tracker/src/core/error-boundary/__tests__/error-boundary.test.tsx:311:19\n    at file:///D:/NEXT,js/habit-tracker/node_modules/@vitest/runner/dist/chunk-artifact.js:302:11\n    at file:///D:/NEXT,js/habit-tracker/node_modules/@vitest/runner/dist/chunk-artifact.js:1903:26\n    at file:///D:/NEXT,js/habit-tracker/node_modules/@vitest/runner/dist/chunk-artifact.js:2326:20\n    at new Promise (<anonymous>)\n    at runWithCancel (file:///D:/NEXT,js/habit-tracker/node_modules/@vitest/runner/dist/chunk-artifact.js:2323:10)"
          ],
          "meta": {},
          "tags": []
        },
        {
          "ancestorTitles": ["ErrorContext"],
          "fullName": "ErrorContext should provide error reporting functions",
          "status": "passed",
          "title": "should provide error reporting functions",
          "duration": 8.150099999999838,
          "failureMessages": [],
          "meta": {},
          "tags": []
        },
        {
          "ancestorTitles": ["ErrorContext"],
          "fullName": "ErrorContext should maintain error history",
          "status": "passed",
          "title": "should maintain error history",
          "duration": 6.204899999999725,
          "failureMessages": [],
          "meta": {},
          "tags": []
        },
        {
          "ancestorTitles": ["CircuitBreaker"],
          "fullName": "CircuitBreaker should start in CLOSED state",
          "status": "passed",
          "title": "should start in CLOSED state",
          "duration": 1.3299999999999272,
          "failureMessages": [],
          "meta": {},
          "tags": []
        },
        {
          "ancestorTitles": ["CircuitBreaker"],
          "fullName": "CircuitBreaker should open circuit after failure threshold",
          "status": "passed",
          "title": "should open circuit after failure threshold",
          "duration": 5.365899999999783,
          "failureMessages": [],
          "meta": {},
          "tags": []
        },
        {
          "ancestorTitles": ["CircuitBreaker"],
          "fullName": "CircuitBreaker should allow operations in CLOSED state",
          "status": "passed",
          "title": "should allow operations in CLOSED state",
          "duration": 1.1604999999999563,
          "failureMessages": [],
          "meta": {},
          "tags": []
        },
        {
          "ancestorTitles": ["CircuitBreaker"],
          "fullName": "CircuitBreaker should block operations in OPEN state",
          "status": "passed",
          "title": "should block operations in OPEN state",
          "duration": 0.8959999999997308,
          "failureMessages": [],
          "meta": {},
          "tags": []
        },
        {
          "ancestorTitles": ["CircuitBreaker"],
          "fullName": "CircuitBreaker should transition to HALF_OPEN after recovery timeout",
          "status": "passed",
          "title": "should transition to HALF_OPEN after recovery timeout",
          "duration": 7.429199999999582,
          "failureMessages": [],
          "meta": {},
          "tags": []
        },
        {
          "ancestorTitles": ["CircuitBreaker"],
          "fullName": "CircuitBreaker should close circuit on successful operations in HALF_OPEN",
          "status": "passed",
          "title": "should close circuit on successful operations in HALF_OPEN",
          "duration": 1.9679999999998472,
          "failureMessages": [],
          "meta": {},
          "tags": []
        },
        {
          "ancestorTitles": ["CircuitBreaker"],
          "fullName": "CircuitBreaker should provide statistics",
          "status": "passed",
          "title": "should provide statistics",
          "duration": 1.0341000000007625,
          "failureMessages": [],
          "meta": {},
          "tags": []
        },
        {
          "ancestorTitles": ["CircuitBreaker"],
          "fullName": "CircuitBreaker should handle synchronous operations",
          "status": "passed",
          "title": "should handle synchronous operations",
          "duration": 0.6635000000005675,
          "failureMessages": [],
          "meta": {},
          "tags": []
        },
        {
          "ancestorTitles": ["CircuitBreaker"],
          "fullName": "CircuitBreaker should reset manually",
          "status": "passed",
          "title": "should reset manually",
          "duration": 0.8159999999998035,
          "failureMessages": [],
          "meta": {},
          "tags": []
        },
        {
          "ancestorTitles": ["CircuitBreaker"],
          "fullName": "CircuitBreaker should call state change callbacks",
          "status": "passed",
          "title": "should call state change callbacks",
          "duration": 2.5666999999994005,
          "failureMessages": [],
          "meta": {},
          "tags": []
        },
        {
          "ancestorTitles": ["CircuitBreakerFactory"],
          "fullName": "CircuitBreakerFactory should create and reuse instances",
          "status": "passed",
          "title": "should create and reuse instances",
          "duration": 0.6333999999997104,
          "failureMessages": [],
          "meta": {},
          "tags": []
        },
        {
          "ancestorTitles": ["CircuitBreakerFactory"],
          "fullName": "CircuitBreakerFactory should remove instances",
          "status": "passed",
          "title": "should remove instances",
          "duration": 0.551300000000083,
          "failureMessages": [],
          "meta": {},
          "tags": []
        },
        {
          "ancestorTitles": ["CircuitBreakerFactory"],
          "fullName": "CircuitBreakerFactory should get all instances",
          "status": "failed",
          "title": "should get all instances",
          "duration": 2.7120999999997366,
          "failureMessages": [
            "AssertionError: expected 3 to be 2 // Object.is equality\n    at D:/NEXT,js/habit-tracker/src/core/error-boundary/__tests__/error-boundary.test.tsx:663:22\n    at file:///D:/NEXT,js/habit-tracker/node_modules/@vitest/runner/dist/chunk-artifact.js:302:11\n    at file:///D:/NEXT,js/habit-tracker/node_modules/@vitest/runner/dist/chunk-artifact.js:1903:26\n    at file:///D:/NEXT,js/habit-tracker/node_modules/@vitest/runner/dist/chunk-artifact.js:2326:20\n    at new Promise (<anonymous>)\n    at runWithCancel (file:///D:/NEXT,js/habit-tracker/node_modules/@vitest/runner/dist/chunk-artifact.js:2323:10)\n    at file:///D:/NEXT,js/habit-tracker/node_modules/@vitest/runner/dist/chunk-artifact.js:2305:20\n    at new Promise (<anonymous>)\n    at runWithTimeout (file:///D:/NEXT,js/habit-tracker/node_modules/@vitest/runner/dist/chunk-artifact.js:2272:10)\n    at file:///D:/NEXT,js/habit-tracker/node_modules/@vitest/runner/dist/chunk-artifact.js:2955:64"
          ],
          "meta": {},
          "tags": []
        },
        {
          "ancestorTitles": ["CircuitBreakerFactory"],
          "fullName": "CircuitBreakerFactory should reset all instances",
          "status": "passed",
          "title": "should reset all instances",
          "duration": 1.065599999999904,
          "failureMessages": [],
          "meta": {},
          "tags": []
        },
        {
          "ancestorTitles": ["CircuitBreakerFactory"],
          "fullName": "CircuitBreakerFactory should get all stats",
          "status": "passed",
          "title": "should get all stats",
          "duration": 1.471599999999853,
          "failureMessages": [],
          "meta": {},
          "tags": []
        },
        {
          "ancestorTitles": ["withCircuitBreaker HOC"],
          "fullName": "withCircuitBreaker HOC should wrap function with circuit breaker",
          "status": "passed",
          "title": "should wrap function with circuit breaker",
          "duration": 1.5888000000004467,
          "failureMessages": [],
          "meta": {},
          "tags": []
        },
        {
          "ancestorTitles": ["withCircuitBreaker HOC"],
          "fullName": "withCircuitBreaker HOC should throw when circuit is open",
          "status": "passed",
          "title": "should throw when circuit is open",
          "duration": 1.2563000000000102,
          "failureMessages": [],
          "meta": {},
          "tags": []
        },
        {
          "ancestorTitles": ["useCircuitBreaker Hook"],
          "fullName": "useCircuitBreaker Hook should provide circuit breaker interface",
          "status": "passed",
          "title": "should provide circuit breaker interface",
          "duration": 45.22270000000026,
          "failureMessages": [],
          "meta": {},
          "tags": []
        },
        {
          "ancestorTitles": ["useCircuitBreaker Hook"],
          "fullName": "useCircuitBreaker Hook should update state when circuit breaker changes",
          "status": "failed",
          "title": "should update state when circuit breaker changes",
          "duration": 1014.1908999999996,
          "failureMessages": [
            "Error: \u001b[2mexpect(\u001b[22m\u001b[31melement\u001b[39m\u001b[2m).toHaveTextContent()\u001b[22m\n\nExpected element to have text content:\n\u001b[32m  OPEN\u001b[39m\nReceived:\n\u001b[31m  CLOSED\u001b[39m\n\nIgnored nodes: comments, script, style\n\u001b[36m<html>\u001b[39m\n  \u001b[36m<head />\u001b[39m\n  \u001b[36m<body>\u001b[39m\n    \u001b[36m<div>\u001b[39m\n      \u001b[36m<div>\u001b[39m\n        \u001b[36m<span\u001b[39m\n          \u001b[33mdata-testid\u001b[39m=\u001b[32m\"state\"\u001b[39m\n        \u001b[36m>\u001b[39m\n          \u001b[0mCLOSED\u001b[0m\n        \u001b[36m</span>\u001b[39m\n        \u001b[36m<button>\u001b[39m\n          \u001b[0mExecute\u001b[0m\n        \u001b[36m</button>\u001b[39m\n        \u001b[36m<span\u001b[39m\n          \u001b[33mdata-testid\u001b[39m=\u001b[32m\"executed\"\u001b[39m\n        \u001b[36m>\u001b[39m\n          \u001b[0myes\u001b[0m\n        \u001b[36m</span>\u001b[39m\n      \u001b[36m</div>\u001b[39m\n    \u001b[36m</div>\u001b[39m\n  \u001b[36m</body>\u001b[39m\n\u001b[36m</html>\u001b[39m\n    at Proxy.__VITEST_EXTEND_ASSERTION__ (file:///D:/NEXT,js/habit-tracker/node_modules/vitest/node_modules/@vitest/expect/dist/index.js:1888:12)\n    at Proxy.<anonymous> (file:///D:/NEXT,js/habit-tracker/node_modules/vitest/node_modules/@vitest/expect/dist/index.js:1156:15)\n    at Proxy.methodWrapper (file:///D:/NEXT,js/habit-tracker/node_modules/vitest/node_modules/chai/index.js:1700:25)\n    at D:/NEXT,js/habit-tracker/src/core/error-boundary/__tests__/error-boundary.test.tsx:792:43\n    at runWithExpensiveErrorDiagnosticsDisabled (D:\\NEXT,js\\habit-tracker\\node_modules\\@testing-library\\dom\\dist\\config.js:47:12)\n    at checkCallback (D:\\NEXT,js\\habit-tracker\\node_modules\\@testing-library\\dom\\dist\\wait-for.js:124:77)\n    at Timeout.checkRealTimersCallback (D:\\NEXT,js\\habit-tracker\\node_modules\\@testing-library\\dom\\dist\\wait-for.js:118:16)\n    at listOnTimeout (node:internal/timers:605:17)\n    at processTimers (node:internal/timers:541:7)"
          ],
          "meta": {},
          "tags": []
        },
        {
          "ancestorTitles": ["Error Recovery Strategies"],
          "fullName": "Error Recovery Strategies should handle retry strategy correctly",
          "status": "failed",
          "title": "should handle retry strategy correctly",
          "duration": 8.396300000000338,
          "failureMessages": [
            "Error: Retry test error\n    at RetryComponent (D:/NEXT,js/habit-tracker/src/core/error-boundary/__tests__/error-boundary.test.tsx:806:15)\n    at renderWithHooks (D:\\NEXT,js\\habit-tracker\\node_modules\\react-dom\\cjs\\react-dom.development.js:15486:18)\n    at mountIndeterminateComponent (D:\\NEXT,js\\habit-tracker\\node_modules\\react-dom\\cjs\\react-dom.development.js:20103:13)\n    at beginWork (D:\\NEXT,js\\habit-tracker\\node_modules\\react-dom\\cjs\\react-dom.development.js:21626:16)\n    at beginWork$1 (D:\\NEXT,js\\habit-tracker\\node_modules\\react-dom\\cjs\\react-dom.development.js:27465:14)\n    at performUnitOfWork (D:\\NEXT,js\\habit-tracker\\node_modules\\react-dom\\cjs\\react-dom.development.js:26599:12)\n    at workLoopSync (D:\\NEXT,js\\habit-tracker\\node_modules\\react-dom\\cjs\\react-dom.development.js:26505:5)\n    at renderRootSync (D:\\NEXT,js\\habit-tracker\\node_modules\\react-dom\\cjs\\react-dom.development.js:26473:7)\n    at recoverFromConcurrentError (D:\\NEXT,js\\habit-tracker\\node_modules\\react-dom\\cjs\\react-dom.development.js:25889:20)\n    at performConcurrentWorkOnRoot (D:\\NEXT,js\\habit-tracker\\node_modules\\react-dom\\cjs\\react-dom.development.js:25789:22)"
          ],
          "meta": {},
          "tags": []
        },
        {
          "ancestorTitles": ["Error Recovery Strategies"],
          "fullName": "Error Recovery Strategies should handle reset strategy correctly",
          "status": "passed",
          "title": "should handle reset strategy correctly",
          "duration": 2.3188000000009197,
          "failureMessages": [],
          "meta": {},
          "tags": []
        },
        {
          "ancestorTitles": ["Error Recovery Strategies"],
          "fullName": "Error Recovery Strategies should handle ignore strategy correctly",
          "status": "passed",
          "title": "should handle ignore strategy correctly",
          "duration": 3.5903999999991356,
          "failureMessages": [],
          "meta": {},
          "tags": []
        },
        {
          "ancestorTitles": ["Performance and Memory"],
          "fullName": "Performance and Memory should not leak memory on repeated errors",
          "status": "failed",
          "title": "should not leak memory on repeated errors",
          "duration": 7.007100000000719,
          "failureMessages": [
            "Error: Memory leak test\n    at ThrowComponent (D:/NEXT,js/habit-tracker/src/core/error-boundary/__tests__/error-boundary.test.tsx:860:15)\n    at renderWithHooks (D:\\NEXT,js\\habit-tracker\\node_modules\\react-dom\\cjs\\react-dom.development.js:15486:18)\n    at mountIndeterminateComponent (D:\\NEXT,js\\habit-tracker\\node_modules\\react-dom\\cjs\\react-dom.development.js:20103:13)\n    at beginWork (D:\\NEXT,js\\habit-tracker\\node_modules\\react-dom\\cjs\\react-dom.development.js:21626:16)\n    at beginWork$1 (D:\\NEXT,js\\habit-tracker\\node_modules\\react-dom\\cjs\\react-dom.development.js:27465:14)\n    at performUnitOfWork (D:\\NEXT,js\\habit-tracker\\node_modules\\react-dom\\cjs\\react-dom.development.js:26599:12)\n    at workLoopSync (D:\\NEXT,js\\habit-tracker\\node_modules\\react-dom\\cjs\\react-dom.development.js:26505:5)\n    at renderRootSync (D:\\NEXT,js\\habit-tracker\\node_modules\\react-dom\\cjs\\react-dom.development.js:26473:7)\n    at recoverFromConcurrentError (D:\\NEXT,js\\habit-tracker\\node_modules\\react-dom\\cjs\\react-dom.development.js:25889:20)\n    at performConcurrentWorkOnRoot (D:\\NEXT,js\\habit-tracker\\node_modules\\react-dom\\cjs\\react-dom.development.js:25789:22)"
          ],
          "meta": {},
          "tags": []
        },
        {
          "ancestorTitles": ["Performance and Memory"],
          "fullName": "Performance and Memory should handle rapid error bursts",
          "status": "failed",
          "title": "should handle rapid error bursts",
          "duration": 6.115700000000288,
          "failureMessages": [
            "Error: Rapid error 8\n    at RapidErrorComponent (D:/NEXT,js/habit-tracker/src/core/error-boundary/__tests__/error-boundary.test.tsx:886:15)\n    at renderWithHooks (D:\\NEXT,js\\habit-tracker\\node_modules\\react-dom\\cjs\\react-dom.development.js:15486:18)\n    at mountIndeterminateComponent (D:\\NEXT,js\\habit-tracker\\node_modules\\react-dom\\cjs\\react-dom.development.js:20103:13)\n    at beginWork (D:\\NEXT,js\\habit-tracker\\node_modules\\react-dom\\cjs\\react-dom.development.js:21626:16)\n    at beginWork$1 (D:\\NEXT,js\\habit-tracker\\node_modules\\react-dom\\cjs\\react-dom.development.js:27465:14)\n    at performUnitOfWork (D:\\NEXT,js\\habit-tracker\\node_modules\\react-dom\\cjs\\react-dom.development.js:26599:12)\n    at workLoopSync (D:\\NEXT,js\\habit-tracker\\node_modules\\react-dom\\cjs\\react-dom.development.js:26505:5)\n    at renderRootSync (D:\\NEXT,js\\habit-tracker\\node_modules\\react-dom\\cjs\\react-dom.development.js:26473:7)\n    at recoverFromConcurrentError (D:\\NEXT,js\\habit-tracker\\node_modules\\react-dom\\cjs\\react-dom.development.js:25889:20)\n    at performConcurrentWorkOnRoot (D:\\NEXT,js\\habit-tracker\\node_modules\\react-dom\\cjs\\react-dom.development.js:25789:22)"
          ],
          "meta": {},
          "tags": []
        }
      ],
      "startTime": 1777283041673,
      "endTime": 1777283044055.1157,
      "status": "failed",
      "message": "",
      "name": "D:/NEXT,js/habit-tracker/src/core/error-boundary/__tests__/error-boundary.test.tsx"
    },
    {
      "assertionResults": [
        {
          "ancestorTitles": ["ErrorBoundary"],
          "fullName": "ErrorBoundary should render children when no error occurs",
          "status": "passed",
          "title": "should render children when no error occurs",
          "duration": 112.98869999999988,
          "failureMessages": [],
          "meta": {},
          "tags": []
        },
        {
          "ancestorTitles": ["ErrorBoundary"],
          "fullName": "ErrorBoundary should catch and display error fallback",
          "status": "failed",
          "title": "should catch and display error fallback",
          "duration": 37.32520000000022,
          "failureMessages": [
            "Error: Test error\n    at ThrowingComponent.render (D:/NEXT,js/habit-tracker/src/core/error-boundary/__tests__/ErrorBoundary.test.tsx:35:13)\n    at finishClassComponent (D:\\NEXT,js\\habit-tracker\\node_modules\\react-dom\\cjs\\react-dom.development.js:19781:31)\n    at updateClassComponent (D:\\NEXT,js\\habit-tracker\\node_modules\\react-dom\\cjs\\react-dom.development.js:19727:24)\n    at beginWork (D:\\NEXT,js\\habit-tracker\\node_modules\\react-dom\\cjs\\react-dom.development.js:21650:16)\n    at beginWork$1 (D:\\NEXT,js\\habit-tracker\\node_modules\\react-dom\\cjs\\react-dom.development.js:27465:14)\n    at performUnitOfWork (D:\\NEXT,js\\habit-tracker\\node_modules\\react-dom\\cjs\\react-dom.development.js:26599:12)\n    at workLoopSync (D:\\NEXT,js\\habit-tracker\\node_modules\\react-dom\\cjs\\react-dom.development.js:26505:5)\n    at renderRootSync (D:\\NEXT,js\\habit-tracker\\node_modules\\react-dom\\cjs\\react-dom.development.js:26473:7)\n    at recoverFromConcurrentError (D:\\NEXT,js\\habit-tracker\\node_modules\\react-dom\\cjs\\react-dom.development.js:25889:20)\n    at performConcurrentWorkOnRoot (D:\\NEXT,js\\habit-tracker\\node_modules\\react-dom\\cjs\\react-dom.development.js:25789:22)"
          ],
          "meta": {},
          "tags": []
        },
        {
          "ancestorTitles": ["ErrorBoundary"],
          "fullName": "ErrorBoundary should call onError callback when error occurs",
          "status": "failed",
          "title": "should call onError callback when error occurs",
          "duration": 9.783899999999448,
          "failureMessages": [
            "Error: Test error\n    at ThrowingComponent.render (D:/NEXT,js/habit-tracker/src/core/error-boundary/__tests__/ErrorBoundary.test.tsx:35:13)\n    at finishClassComponent (D:\\NEXT,js\\habit-tracker\\node_modules\\react-dom\\cjs\\react-dom.development.js:19781:31)\n    at updateClassComponent (D:\\NEXT,js\\habit-tracker\\node_modules\\react-dom\\cjs\\react-dom.development.js:19727:24)\n    at beginWork (D:\\NEXT,js\\habit-tracker\\node_modules\\react-dom\\cjs\\react-dom.development.js:21650:16)\n    at beginWork$1 (D:\\NEXT,js\\habit-tracker\\node_modules\\react-dom\\cjs\\react-dom.development.js:27465:14)\n    at performUnitOfWork (D:\\NEXT,js\\habit-tracker\\node_modules\\react-dom\\cjs\\react-dom.development.js:26599:12)\n    at workLoopSync (D:\\NEXT,js\\habit-tracker\\node_modules\\react-dom\\cjs\\react-dom.development.js:26505:5)\n    at renderRootSync (D:\\NEXT,js\\habit-tracker\\node_modules\\react-dom\\cjs\\react-dom.development.js:26473:7)\n    at recoverFromConcurrentError (D:\\NEXT,js\\habit-tracker\\node_modules\\react-dom\\cjs\\react-dom.development.js:25889:20)\n    at performConcurrentWorkOnRoot (D:\\NEXT,js\\habit-tracker\\node_modules\\react-dom\\cjs\\react-dom.development.js:25789:22)"
          ],
          "meta": {},
          "tags": []
        },
        {
          "ancestorTitles": ["ErrorBoundary"],
          "fullName": "ErrorBoundary should allow retry when retry is enabled",
          "status": "failed",
          "title": "should allow retry when retry is enabled",
          "duration": 13.44250000000011,
          "failureMessages": [
            "Error: Conditional error\n    at ConditionalErrorComponent.render (D:/NEXT,js/habit-tracker/src/core/error-boundary/__tests__/ErrorBoundary.test.tsx:43:15)\n    at finishClassComponent (D:\\NEXT,js\\habit-tracker\\node_modules\\react-dom\\cjs\\react-dom.development.js:19781:31)\n    at updateClassComponent (D:\\NEXT,js\\habit-tracker\\node_modules\\react-dom\\cjs\\react-dom.development.js:19727:24)\n    at beginWork (D:\\NEXT,js\\habit-tracker\\node_modules\\react-dom\\cjs\\react-dom.development.js:21650:16)\n    at beginWork$1 (D:\\NEXT,js\\habit-tracker\\node_modules\\react-dom\\cjs\\react-dom.development.js:27465:14)\n    at performUnitOfWork (D:\\NEXT,js\\habit-tracker\\node_modules\\react-dom\\cjs\\react-dom.development.js:26599:12)\n    at workLoopSync (D:\\NEXT,js\\habit-tracker\\node_modules\\react-dom\\cjs\\react-dom.development.js:26505:5)\n    at renderRootSync (D:\\NEXT,js\\habit-tracker\\node_modules\\react-dom\\cjs\\react-dom.development.js:26473:7)\n    at recoverFromConcurrentError (D:\\NEXT,js\\habit-tracker\\node_modules\\react-dom\\cjs\\react-dom.development.js:25889:20)\n    at performConcurrentWorkOnRoot (D:\\NEXT,js\\habit-tracker\\node_modules\\react-dom\\cjs\\react-dom.development.js:25789:22)"
          ],
          "meta": {},
          "tags": []
        },
        {
          "ancestorTitles": ["ErrorBoundary"],
          "fullName": "ErrorBoundary should limit retry attempts",
          "status": "failed",
          "title": "should limit retry attempts",
          "duration": 12.774699999999939,
          "failureMessages": [
            "Error: Conditional error\n    at ConditionalErrorComponent.render (D:/NEXT,js/habit-tracker/src/core/error-boundary/__tests__/ErrorBoundary.test.tsx:43:15)\n    at finishClassComponent (D:\\NEXT,js\\habit-tracker\\node_modules\\react-dom\\cjs\\react-dom.development.js:19781:31)\n    at updateClassComponent (D:\\NEXT,js\\habit-tracker\\node_modules\\react-dom\\cjs\\react-dom.development.js:19727:24)\n    at beginWork (D:\\NEXT,js\\habit-tracker\\node_modules\\react-dom\\cjs\\react-dom.development.js:21650:16)\n    at beginWork$1 (D:\\NEXT,js\\habit-tracker\\node_modules\\react-dom\\cjs\\react-dom.development.js:27465:14)\n    at performUnitOfWork (D:\\NEXT,js\\habit-tracker\\node_modules\\react-dom\\cjs\\react-dom.development.js:26599:12)\n    at workLoopSync (D:\\NEXT,js\\habit-tracker\\node_modules\\react-dom\\cjs\\react-dom.development.js:26505:5)\n    at renderRootSync (D:\\NEXT,js\\habit-tracker\\node_modules\\react-dom\\cjs\\react-dom.development.js:26473:7)\n    at recoverFromConcurrentError (D:\\NEXT,js\\habit-tracker\\node_modules\\react-dom\\cjs\\react-dom.development.js:25889:20)\n    at performConcurrentWorkOnRoot (D:\\NEXT,js\\habit-tracker\\node_modules\\react-dom\\cjs\\react-dom.development.js:25789:22)"
          ],
          "meta": {},
          "tags": []
        },
        {
          "ancestorTitles": ["ErrorBoundary"],
          "fullName": "ErrorBoundary should open circuit breaker after error threshold",
          "status": "failed",
          "title": "should open circuit breaker after error threshold",
          "duration": 8.225899999999456,
          "failureMessages": [
            "Error: Conditional error\n    at ConditionalErrorComponent.render (D:/NEXT,js/habit-tracker/src/core/error-boundary/__tests__/ErrorBoundary.test.tsx:43:15)\n    at finishClassComponent (D:\\NEXT,js\\habit-tracker\\node_modules\\react-dom\\cjs\\react-dom.development.js:19781:31)\n    at updateClassComponent (D:\\NEXT,js\\habit-tracker\\node_modules\\react-dom\\cjs\\react-dom.development.js:19727:24)\n    at beginWork (D:\\NEXT,js\\habit-tracker\\node_modules\\react-dom\\cjs\\react-dom.development.js:21650:16)\n    at beginWork$1 (D:\\NEXT,js\\habit-tracker\\node_modules\\react-dom\\cjs\\react-dom.development.js:27465:14)\n    at performUnitOfWork (D:\\NEXT,js\\habit-tracker\\node_modules\\react-dom\\cjs\\react-dom.development.js:26599:12)\n    at workLoopSync (D:\\NEXT,js\\habit-tracker\\node_modules\\react-dom\\cjs\\react-dom.development.js:26505:5)\n    at renderRootSync (D:\\NEXT,js\\habit-tracker\\node_modules\\react-dom\\cjs\\react-dom.development.js:26473:7)\n    at recoverFromConcurrentError (D:\\NEXT,js\\habit-tracker\\node_modules\\react-dom\\cjs\\react-dom.development.js:25889:20)\n    at performConcurrentWorkOnRoot (D:\\NEXT,js\\habit-tracker\\node_modules\\react-dom\\cjs\\react-dom.development.js:25789:22)"
          ],
          "meta": {},
          "tags": []
        },
        {
          "ancestorTitles": ["ErrorBoundary"],
          "fullName": "ErrorBoundary should reset when resetKeys change",
          "status": "failed",
          "title": "should reset when resetKeys change",
          "duration": 7.342099999999846,
          "failureMessages": [
            "Error: Conditional error\n    at ConditionalErrorComponent.render (D:/NEXT,js/habit-tracker/src/core/error-boundary/__tests__/ErrorBoundary.test.tsx:43:15)\n    at finishClassComponent (D:\\NEXT,js\\habit-tracker\\node_modules\\react-dom\\cjs\\react-dom.development.js:19781:31)\n    at updateClassComponent (D:\\NEXT,js\\habit-tracker\\node_modules\\react-dom\\cjs\\react-dom.development.js:19727:24)\n    at beginWork (D:\\NEXT,js\\habit-tracker\\node_modules\\react-dom\\cjs\\react-dom.development.js:21650:16)\n    at beginWork$1 (D:\\NEXT,js\\habit-tracker\\node_modules\\react-dom\\cjs\\react-dom.development.js:27465:14)\n    at performUnitOfWork (D:\\NEXT,js\\habit-tracker\\node_modules\\react-dom\\cjs\\react-dom.development.js:26599:12)\n    at workLoopSync (D:\\NEXT,js\\habit-tracker\\node_modules\\react-dom\\cjs\\react-dom.development.js:26505:5)\n    at renderRootSync (D:\\NEXT,js\\habit-tracker\\node_modules\\react-dom\\cjs\\react-dom.development.js:26473:7)\n    at recoverFromConcurrentError (D:\\NEXT,js\\habit-tracker\\node_modules\\react-dom\\cjs\\react-dom.development.js:25889:20)\n    at performConcurrentWorkOnRoot (D:\\NEXT,js\\habit-tracker\\node_modules\\react-dom\\cjs\\react-dom.development.js:25789:22)"
          ],
          "meta": {},
          "tags": []
        },
        {
          "ancestorTitles": ["ErrorBoundary"],
          "fullName": "ErrorBoundary should use custom fallback component",
          "status": "failed",
          "title": "should use custom fallback component",
          "duration": 11.453700000000026,
          "failureMessages": [
            "Error: Test error\n    at ThrowingComponent.render (D:/NEXT,js/habit-tracker/src/core/error-boundary/__tests__/ErrorBoundary.test.tsx:35:13)\n    at finishClassComponent (D:\\NEXT,js\\habit-tracker\\node_modules\\react-dom\\cjs\\react-dom.development.js:19781:31)\n    at updateClassComponent (D:\\NEXT,js\\habit-tracker\\node_modules\\react-dom\\cjs\\react-dom.development.js:19727:24)\n    at beginWork (D:\\NEXT,js\\habit-tracker\\node_modules\\react-dom\\cjs\\react-dom.development.js:21650:16)\n    at beginWork$1 (D:\\NEXT,js\\habit-tracker\\node_modules\\react-dom\\cjs\\react-dom.development.js:27465:14)\n    at performUnitOfWork (D:\\NEXT,js\\habit-tracker\\node_modules\\react-dom\\cjs\\react-dom.development.js:26599:12)\n    at workLoopSync (D:\\NEXT,js\\habit-tracker\\node_modules\\react-dom\\cjs\\react-dom.development.js:26505:5)\n    at renderRootSync (D:\\NEXT,js\\habit-tracker\\node_modules\\react-dom\\cjs\\react-dom.development.js:26473:7)\n    at recoverFromConcurrentError (D:\\NEXT,js\\habit-tracker\\node_modules\\react-dom\\cjs\\react-dom.development.js:25889:20)\n    at performConcurrentWorkOnRoot (D:\\NEXT,js\\habit-tracker\\node_modules\\react-dom\\cjs\\react-dom.development.js:25789:22)"
          ],
          "meta": {},
          "tags": []
        },
        {
          "ancestorTitles": ["ErrorBoundary"],
          "fullName": "ErrorBoundary should handle different error types",
          "status": "failed",
          "title": "should handle different error types",
          "duration": 8.19840000000022,
          "failureMessages": [
            "NetworkError: Network failed\n    at NetworkErrorComponent.render (D:/NEXT,js/habit-tracker/src/core/error-boundary/__tests__/ErrorBoundary.test.tsx:248:23)\n    at finishClassComponent (D:\\NEXT,js\\habit-tracker\\node_modules\\react-dom\\cjs\\react-dom.development.js:19781:31)\n    at updateClassComponent (D:\\NEXT,js\\habit-tracker\\node_modules\\react-dom\\cjs\\react-dom.development.js:19727:24)\n    at beginWork (D:\\NEXT,js\\habit-tracker\\node_modules\\react-dom\\cjs\\react-dom.development.js:21650:16)\n    at beginWork$1 (D:\\NEXT,js\\habit-tracker\\node_modules\\react-dom\\cjs\\react-dom.development.js:27465:14)\n    at performUnitOfWork (D:\\NEXT,js\\habit-tracker\\node_modules\\react-dom\\cjs\\react-dom.development.js:26599:12)\n    at workLoopSync (D:\\NEXT,js\\habit-tracker\\node_modules\\react-dom\\cjs\\react-dom.development.js:26505:5)\n    at renderRootSync (D:\\NEXT,js\\habit-tracker\\node_modules\\react-dom\\cjs\\react-dom.development.js:26473:7)\n    at recoverFromConcurrentError (D:\\NEXT,js\\habit-tracker\\node_modules\\react-dom\\cjs\\react-dom.development.js:25889:20)\n    at performConcurrentWorkOnRoot (D:\\NEXT,js\\habit-tracker\\node_modules\\react-dom\\cjs\\react-dom.development.js:25789:22)"
          ],
          "meta": {},
          "tags": []
        },
        {
          "ancestorTitles": ["ErrorBoundary"],
          "fullName": "ErrorBoundary should track error history",
          "status": "failed",
          "title": "should track error history",
          "duration": 9.022100000000137,
          "failureMessages": [
            "Error: Conditional error\n    at ConditionalErrorComponent.render (D:/NEXT,js/habit-tracker/src/core/error-boundary/__tests__/ErrorBoundary.test.tsx:43:15)\n    at finishClassComponent (D:\\NEXT,js\\habit-tracker\\node_modules\\react-dom\\cjs\\react-dom.development.js:19781:31)\n    at updateClassComponent (D:\\NEXT,js\\habit-tracker\\node_modules\\react-dom\\cjs\\react-dom.development.js:19727:24)\n    at beginWork (D:\\NEXT,js\\habit-tracker\\node_modules\\react-dom\\cjs\\react-dom.development.js:21650:16)\n    at beginWork$1 (D:\\NEXT,js\\habit-tracker\\node_modules\\react-dom\\cjs\\react-dom.development.js:27465:14)\n    at performUnitOfWork (D:\\NEXT,js\\habit-tracker\\node_modules\\react-dom\\cjs\\react-dom.development.js:26599:12)\n    at workLoopSync (D:\\NEXT,js\\habit-tracker\\node_modules\\react-dom\\cjs\\react-dom.development.js:26505:5)\n    at renderRootSync (D:\\NEXT,js\\habit-tracker\\node_modules\\react-dom\\cjs\\react-dom.development.js:26473:7)\n    at recoverFromConcurrentError (D:\\NEXT,js\\habit-tracker\\node_modules\\react-dom\\cjs\\react-dom.development.js:25889:20)\n    at performConcurrentWorkOnRoot (D:\\NEXT,js\\habit-tracker\\node_modules\\react-dom\\cjs\\react-dom.development.js:25789:22)"
          ],
          "meta": {},
          "tags": []
        },
        {
          "ancestorTitles": ["ErrorBoundary"],
          "fullName": "ErrorBoundary should handle async errors",
          "status": "failed",
          "title": "should handle async errors",
          "duration": 225.61149999999998,
          "failureMessages": [
            "Error: Unable to find an element with the text: /something went wrong/i. This could be because the text is broken up by multiple elements. In this case, you can provide a function for your text matcher to make your matcher more flexible.\n\nIgnored nodes: comments, script, style\n\u001b[36m<body>\u001b[39m\n  \u001b[36m<div>\u001b[39m\n    \u001b[36m<div>\u001b[39m\n      \u001b[0mLoading...\u001b[0m\n    \u001b[36m</div>\u001b[39m\n  \u001b[36m</div>\u001b[39m\n\u001b[36m</body>\u001b[39m\n    at waitForWrapper (D:\\NEXT,js\\habit-tracker\\node_modules\\@testing-library\\dom\\dist\\wait-for.js:163:27)\n    at D:/NEXT,js/habit-tracker/src/core/error-boundary/__tests__/ErrorBoundary.test.tsx:302:11\n    at file:///D:/NEXT,js/habit-tracker/node_modules/@vitest/runner/dist/chunk-artifact.js:302:11\n    at file:///D:/NEXT,js/habit-tracker/node_modules/@vitest/runner/dist/chunk-artifact.js:1903:26\n    at file:///D:/NEXT,js/habit-tracker/node_modules/@vitest/runner/dist/chunk-artifact.js:2326:20\n    at new Promise (<anonymous>)\n    at runWithCancel (file:///D:/NEXT,js/habit-tracker/node_modules/@vitest/runner/dist/chunk-artifact.js:2323:10)\n    at file:///D:/NEXT,js/habit-tracker/node_modules/@vitest/runner/dist/chunk-artifact.js:2305:20\n    at new Promise (<anonymous>)\n    at runWithTimeout (file:///D:/NEXT,js/habit-tracker/node_modules/@vitest/runner/dist/chunk-artifact.js:2272:10)"
          ],
          "meta": {},
          "tags": []
        },
        {
          "ancestorTitles": ["ErrorBoundary"],
          "fullName": "ErrorBoundary should preserve component stack trace",
          "status": "failed",
          "title": "should preserve component stack trace",
          "duration": 8.681899999999587,
          "failureMessages": [
            "Error: Test error\n    at ThrowingComponent.render (D:/NEXT,js/habit-tracker/src/core/error-boundary/__tests__/ErrorBoundary.test.tsx:35:13)\n    at finishClassComponent (D:\\NEXT,js\\habit-tracker\\node_modules\\react-dom\\cjs\\react-dom.development.js:19781:31)\n    at updateClassComponent (D:\\NEXT,js\\habit-tracker\\node_modules\\react-dom\\cjs\\react-dom.development.js:19727:24)\n    at beginWork (D:\\NEXT,js\\habit-tracker\\node_modules\\react-dom\\cjs\\react-dom.development.js:21650:16)\n    at beginWork$1 (D:\\NEXT,js\\habit-tracker\\node_modules\\react-dom\\cjs\\react-dom.development.js:27465:14)\n    at performUnitOfWork (D:\\NEXT,js\\habit-tracker\\node_modules\\react-dom\\cjs\\react-dom.development.js:26599:12)\n    at workLoopSync (D:\\NEXT,js\\habit-tracker\\node_modules\\react-dom\\cjs\\react-dom.development.js:26505:5)\n    at renderRootSync (D:\\NEXT,js\\habit-tracker\\node_modules\\react-dom\\cjs\\react-dom.development.js:26473:7)\n    at recoverFromConcurrentError (D:\\NEXT,js\\habit-tracker\\node_modules\\react-dom\\cjs\\react-dom.development.js:25889:20)\n    at performConcurrentWorkOnRoot (D:\\NEXT,js\\habit-tracker\\node_modules\\react-dom\\cjs\\react-dom.development.js:25789:22)"
          ],
          "meta": {},
          "tags": []
        },
        {
          "ancestorTitles": ["ErrorBoundary"],
          "fullName": "ErrorBoundary should handle recovery strategies",
          "status": "failed",
          "title": "should handle recovery strategies",
          "duration": 10.185300000000097,
          "failureMessages": [
            "Error: Test error\n    at ThrowingComponent.render (D:/NEXT,js/habit-tracker/src/core/error-boundary/__tests__/ErrorBoundary.test.tsx:35:13)\n    at finishClassComponent (D:\\NEXT,js\\habit-tracker\\node_modules\\react-dom\\cjs\\react-dom.development.js:19781:31)\n    at updateClassComponent (D:\\NEXT,js\\habit-tracker\\node_modules\\react-dom\\cjs\\react-dom.development.js:19727:24)\n    at beginWork (D:\\NEXT,js\\habit-tracker\\node_modules\\react-dom\\cjs\\react-dom.development.js:21650:16)\n    at beginWork$1 (D:\\NEXT,js\\habit-tracker\\node_modules\\react-dom\\cjs\\react-dom.development.js:27465:14)\n    at performUnitOfWork (D:\\NEXT,js\\habit-tracker\\node_modules\\react-dom\\cjs\\react-dom.development.js:26599:12)\n    at workLoopSync (D:\\NEXT,js\\habit-tracker\\node_modules\\react-dom\\cjs\\react-dom.development.js:26505:5)\n    at renderRootSync (D:\\NEXT,js\\habit-tracker\\node_modules\\react-dom\\cjs\\react-dom.development.js:26473:7)\n    at recoverFromConcurrentError (D:\\NEXT,js\\habit-tracker\\node_modules\\react-dom\\cjs\\react-dom.development.js:25889:20)\n    at performConcurrentWorkOnRoot (D:\\NEXT,js\\habit-tracker\\node_modules\\react-dom\\cjs\\react-dom.development.js:25789:22)"
          ],
          "meta": {},
          "tags": []
        },
        {
          "ancestorTitles": ["ErrorBoundary"],
          "fullName": "ErrorBoundary should handle ignore strategy",
          "status": "failed",
          "title": "should handle ignore strategy",
          "duration": 6.141799999999421,
          "failureMessages": [
            "Error: Test error\n    at ThrowingComponent.render (D:/NEXT,js/habit-tracker/src/core/error-boundary/__tests__/ErrorBoundary.test.tsx:35:13)\n    at finishClassComponent (D:\\NEXT,js\\habit-tracker\\node_modules\\react-dom\\cjs\\react-dom.development.js:19781:31)\n    at updateClassComponent (D:\\NEXT,js\\habit-tracker\\node_modules\\react-dom\\cjs\\react-dom.development.js:19727:24)\n    at beginWork (D:\\NEXT,js\\habit-tracker\\node_modules\\react-dom\\cjs\\react-dom.development.js:21650:16)\n    at beginWork$1 (D:\\NEXT,js\\habit-tracker\\node_modules\\react-dom\\cjs\\react-dom.development.js:27465:14)\n    at performUnitOfWork (D:\\NEXT,js\\habit-tracker\\node_modules\\react-dom\\cjs\\react-dom.development.js:26599:12)\n    at workLoopSync (D:\\NEXT,js\\habit-tracker\\node_modules\\react-dom\\cjs\\react-dom.development.js:26505:5)\n    at renderRootSync (D:\\NEXT,js\\habit-tracker\\node_modules\\react-dom\\cjs\\react-dom.development.js:26473:7)\n    at recoverFromConcurrentError (D:\\NEXT,js\\habit-tracker\\node_modules\\react-dom\\cjs\\react-dom.development.js:25889:20)\n    at performConcurrentWorkOnRoot (D:\\NEXT,js\\habit-tracker\\node_modules\\react-dom\\cjs\\react-dom.development.js:25789:22)"
          ],
          "meta": {},
          "tags": []
        },
        {
          "ancestorTitles": ["ErrorBoundary"],
          "fullName": "ErrorBoundary should handle reset strategy",
          "status": "failed",
          "title": "should handle reset strategy",
          "duration": 6.0536999999994805,
          "failureMessages": [
            "Error: Test error\n    at ThrowingComponent.render (D:/NEXT,js/habit-tracker/src/core/error-boundary/__tests__/ErrorBoundary.test.tsx:35:13)\n    at finishClassComponent (D:\\NEXT,js\\habit-tracker\\node_modules\\react-dom\\cjs\\react-dom.development.js:19781:31)\n    at updateClassComponent (D:\\NEXT,js\\habit-tracker\\node_modules\\react-dom\\cjs\\react-dom.development.js:19727:24)\n    at beginWork (D:\\NEXT,js\\habit-tracker\\node_modules\\react-dom\\cjs\\react-dom.development.js:21650:16)\n    at beginWork$1 (D:\\NEXT,js\\habit-tracker\\node_modules\\react-dom\\cjs\\react-dom.development.js:27465:14)\n    at performUnitOfWork (D:\\NEXT,js\\habit-tracker\\node_modules\\react-dom\\cjs\\react-dom.development.js:26599:12)\n    at workLoopSync (D:\\NEXT,js\\habit-tracker\\node_modules\\react-dom\\cjs\\react-dom.development.js:26505:5)\n    at renderRootSync (D:\\NEXT,js\\habit-tracker\\node_modules\\react-dom\\cjs\\react-dom.development.js:26473:7)\n    at recoverFromConcurrentError (D:\\NEXT,js\\habit-tracker\\node_modules\\react-dom\\cjs\\react-dom.development.js:25889:20)\n    at performConcurrentWorkOnRoot (D:\\NEXT,js\\habit-tracker\\node_modules\\react-dom\\cjs\\react-dom.development.js:25789:22)"
          ],
          "meta": {},
          "tags": []
        },
        {
          "ancestorTitles": ["ErrorBoundary"],
          "fullName": "ErrorBoundary should work with nested error boundaries",
          "status": "failed",
          "title": "should work with nested error boundaries",
          "duration": 12.76640000000043,
          "failureMessages": [
[...]
        "16": {
          "name": "safeTimezone",
          "decl": { "start": { "line": 167, "column": 16 }, "end": { "line": 167, "column": 39 } },
          "loc": { "start": { "line": 167, "column": 39 }, "end": { "line": 172, "column": null } },
          "line": 167
        },
        "17": {
          "name": "safeColorScheme",
          "decl": { "start": { "line": 177, "column": 16 }, "end": { "line": 177, "column": 52 } },
          "loc": { "start": { "line": 177, "column": 52 }, "end": { "line": 182, "column": null } },
          "line": 177
        },
        "18": {
          "name": "safeReducedMotion",
          "decl": { "start": { "line": 187, "column": 16 }, "end": { "line": 187, "column": 45 } },
          "loc": { "start": { "line": 187, "column": 45 }, "end": { "line": 192, "column": null } },
          "line": 187
        }
      },
      "branchMap": {
        "0": {
          "loc": { "start": { "line": 10, "column": 2 }, "end": { "line": 12, "column": null } },
          "type": "if",
          "locations": [
            { "start": { "line": 10, "column": 2 }, "end": { "line": 12, "column": null } },
            { "start": {}, "end": {} }
          ],
          "line": 10
        },
        "1": {
          "loc": { "start": { "line": 20, "column": 2 }, "end": { "line": 22, "column": null } },
          "type": "if",
          "locations": [
            { "start": { "line": 20, "column": 2 }, "end": { "line": 22, "column": null } },
            { "start": {}, "end": {} }
          ],
          "line": 20
        },
        "2": {
          "loc": { "start": { "line": 30, "column": 2 }, "end": { "line": 32, "column": null } },
          "type": "if",
          "locations": [
            { "start": { "line": 30, "column": 2 }, "end": { "line": 32, "column": null } },
            { "start": {}, "end": {} }
          ],
          "line": 30
        },
        "3": {
          "loc": { "start": { "line": 40, "column": 2 }, "end": { "line": 42, "column": null } },
          "type": "if",
          "locations": [
            { "start": { "line": 40, "column": 2 }, "end": { "line": 42, "column": null } },
            { "start": {}, "end": {} }
          ],
          "line": 40
        },
        "4": {
          "loc": { "start": { "line": 40, "column": 6 }, "end": { "line": 40, "column": 60 } },
          "type": "binary-expr",
          "locations": [
            { "start": { "line": 40, "column": 6 }, "end": { "line": 40, "column": 39 } },
            { "start": { "line": 40, "column": 39 }, "end": { "line": 40, "column": 60 } }
          ],
          "line": 40
        },
        "5": {
          "loc": { "start": { "line": 50, "column": 2 }, "end": { "line": 52, "column": null } },
          "type": "if",
          "locations": [
            { "start": { "line": 50, "column": 2 }, "end": { "line": 52, "column": null } },
            { "start": {}, "end": {} }
          ],
          "line": 50
        },
        "6": {
          "loc": { "start": { "line": 50, "column": 6 }, "end": { "line": 50, "column": 62 } },
          "type": "binary-expr",
          "locations": [
            { "start": { "line": 50, "column": 6 }, "end": { "line": 50, "column": 39 } },
            { "start": { "line": 50, "column": 39 }, "end": { "line": 50, "column": 62 } }
          ],
          "line": 50
        },
        "7": {
          "loc": { "start": { "line": 60, "column": 2 }, "end": { "line": 62, "column": null } },
          "type": "if",
          "locations": [
            { "start": { "line": 60, "column": 2 }, "end": { "line": 62, "column": null } },
            { "start": {}, "end": {} }
          ],
          "line": 60
        },
        "8": {
          "loc": { "start": { "line": 60, "column": 6 }, "end": { "line": 60, "column": 56 } },
          "type": "binary-expr",
          "locations": [
            { "start": { "line": 60, "column": 6 }, "end": { "line": 60, "column": 39 } },
            { "start": { "line": 60, "column": 39 }, "end": { "line": 60, "column": 56 } }
          ],
          "line": 60
        },
        "9": {
          "loc": { "start": { "line": 77, "column": 2 }, "end": { "line": 79, "column": null } },
          "type": "if",
          "locations": [
            { "start": { "line": 77, "column": 2 }, "end": { "line": 79, "column": null } },
            { "start": {}, "end": {} }
          ],
          "line": 77
        },
        "10": {
          "loc": { "start": { "line": 87, "column": 2 }, "end": { "line": 89, "column": null } },
          "type": "if",
          "locations": [
            { "start": { "line": 87, "column": 2 }, "end": { "line": 89, "column": null } },
            { "start": {}, "end": {} }
          ],
          "line": 87
        },
        "11": {
          "loc": { "start": { "line": 87, "column": 6 }, "end": { "line": 87, "column": 58 } },
          "type": "binary-expr",
          "locations": [
            { "start": { "line": 87, "column": 6 }, "end": { "line": 87, "column": 39 } },
            { "start": { "line": 87, "column": 39 }, "end": { "line": 87, "column": 58 } }
          ],
          "line": 87
        },
        "12": {
          "loc": { "start": { "line": 93, "column": 14 }, "end": { "line": 93, "column": null } },
          "type": "cond-expr",
          "locations": [
            { "start": { "line": 93, "column": 26 }, "end": { "line": 93, "column": 31 } },
            { "start": { "line": 93, "column": 31 }, "end": { "line": 93, "column": null } }
          ],
          "line": 93
        },
        "13": {
          "loc": { "start": { "line": 102, "column": 2 }, "end": { "line": 104, "column": null } },
          "type": "if",
          "locations": [
            { "start": { "line": 102, "column": 2 }, "end": { "line": 104, "column": null } },
            { "start": {}, "end": {} }
          ],
          "line": 102
        },
        "14": {
          "loc": { "start": { "line": 102, "column": 6 }, "end": { "line": 102, "column": 64 } },
          "type": "binary-expr",
          "locations": [
            { "start": { "line": 102, "column": 6 }, "end": { "line": 102, "column": 39 } },
            { "start": { "line": 102, "column": 39 }, "end": { "line": 102, "column": 64 } }
          ],
          "line": 102
        },
        "15": {
          "loc": { "start": { "line": 112, "column": 2 }, "end": { "line": 117, "column": null } },
          "type": "if",
          "locations": [
            { "start": { "line": 112, "column": 2 }, "end": { "line": 117, "column": null } },
            { "start": {}, "end": {} }
          ],
          "line": 112
        },
        "16": {
          "loc": { "start": { "line": 112, "column": 6 }, "end": { "line": 112, "column": 54 } },
          "type": "binary-expr",
          "locations": [
            { "start": { "line": 112, "column": 6 }, "end": { "line": 112, "column": 39 } },
            { "start": { "line": 112, "column": 39 }, "end": { "line": 112, "column": 54 } }
          ],
          "line": 112
        },
        "17": {
          "loc": { "start": { "line": 125, "column": 2 }, "end": { "line": 130, "column": null } },
          "type": "if",
          "locations": [
            { "start": { "line": 125, "column": 2 }, "end": { "line": 130, "column": null } },
            { "start": {}, "end": {} }
          ],
          "line": 125
        },
        "18": {
          "loc": { "start": { "line": 127, "column": 13 }, "end": { "line": 127, "column": null } },
          "type": "binary-expr",
          "locations": [
            { "start": { "line": 127, "column": 13 }, "end": { "line": 127, "column": 34 } },
            { "start": { "line": 127, "column": 34 }, "end": { "line": 127, "column": null } }
          ],
          "line": 127
        },
        "19": {
          "loc": { "start": { "line": 128, "column": 14 }, "end": { "line": 128, "column": null } },
          "type": "binary-expr",
          "locations": [
            { "start": { "line": 128, "column": 14 }, "end": { "line": 128, "column": 36 } },
            { "start": { "line": 128, "column": 36 }, "end": { "line": 128, "column": null } }
          ],
          "line": 128
        },
        "20": {
          "loc": { "start": { "line": 138, "column": 2 }, "end": { "line": 140, "column": null } },
          "type": "if",
          "locations": [
            { "start": { "line": 138, "column": 2 }, "end": { "line": 140, "column": null } },
            { "start": {}, "end": {} }
          ],
          "line": 138
        },
        "21": {
          "loc": { "start": { "line": 138, "column": 6 }, "end": { "line": 138, "column": 74 } },
          "type": "binary-expr",
          "locations": [
            { "start": { "line": 138, "column": 6 }, "end": { "line": 138, "column": 42 } },
            { "start": { "line": 138, "column": 42 }, "end": { "line": 138, "column": 74 } }
          ],
          "line": 138
        },
        "22": {
          "loc": { "start": { "line": 148, "column": 2 }, "end": { "line": 150, "column": null } },
          "type": "if",
          "locations": [
            { "start": { "line": 148, "column": 2 }, "end": { "line": 150, "column": null } },
            { "start": {}, "end": {} }
          ],
          "line": 148
        },
        "23": {
          "loc": { "start": { "line": 148, "column": 6 }, "end": { "line": 148, "column": 63 } },
          "type": "binary-expr",
          "locations": [
            { "start": { "line": 148, "column": 6 }, "end": { "line": 148, "column": 42 } },
            { "start": { "line": 148, "column": 42 }, "end": { "line": 148, "column": 63 } }
          ],
          "line": 148
        },
        "24": {
          "loc": { "start": { "line": 158, "column": 2 }, "end": { "line": 160, "column": null } },
          "type": "if",
          "locations": [
            { "start": { "line": 158, "column": 2 }, "end": { "line": 160, "column": null } },
            { "start": {}, "end": {} }
          ],
          "line": 158
        },
        "25": {
          "loc": { "start": { "line": 158, "column": 6 }, "end": { "line": 158, "column": 62 } },
          "type": "binary-expr",
          "locations": [
            { "start": { "line": 158, "column": 6 }, "end": { "line": 158, "column": 42 } },
            { "start": { "line": 158, "column": 42 }, "end": { "line": 158, "column": 62 } }
          ],
          "line": 158
        },
        "26": {
          "loc": { "start": { "line": 168, "column": 2 }, "end": { "line": 170, "column": null } },
          "type": "if",
          "locations": [
            { "start": { "line": 168, "column": 2 }, "end": { "line": 170, "column": null } },
            { "start": {}, "end": {} }
          ],
          "line": 168
        },
        "27": {
          "loc": { "start": { "line": 168, "column": 6 }, "end": { "line": 168, "column": 58 } },
          "type": "binary-expr",
          "locations": [
            { "start": { "line": 168, "column": 6 }, "end": { "line": 168, "column": 37 } },
            { "start": { "line": 168, "column": 37 }, "end": { "line": 168, "column": 58 } }
          ],
          "line": 168
        },
        "28": {
          "loc": { "start": { "line": 178, "column": 2 }, "end": { "line": 180, "column": null } },
          "type": "if",
          "locations": [
            { "start": { "line": 178, "column": 2 }, "end": { "line": 180, "column": null } },
            { "start": {}, "end": {} }
          ],
          "line": 178
        },
        "29": {
          "loc": { "start": { "line": 178, "column": 6 }, "end": { "line": 178, "column": 58 } },
          "type": "binary-expr",
          "locations": [
            { "start": { "line": 178, "column": 6 }, "end": { "line": 178, "column": 39 } },
            { "start": { "line": 178, "column": 39 }, "end": { "line": 178, "column": 58 } }
          ],
          "line": 178
        },
        "30": {
          "loc": { "start": { "line": 179, "column": 11 }, "end": { "line": 179, "column": null } },
          "type": "cond-expr",
          "locations": [
            { "start": { "line": 179, "column": 71 }, "end": { "line": 179, "column": 80 } },
            { "start": { "line": 179, "column": 80 }, "end": { "line": 179, "column": null } }
          ],
          "line": 179
        },
        "31": {
          "loc": { "start": { "line": 188, "column": 2 }, "end": { "line": 190, "column": null } },
          "type": "if",
          "locations": [
            { "start": { "line": 188, "column": 2 }, "end": { "line": 190, "column": null } },
            { "start": {}, "end": {} }
          ],
          "line": 188
        },
        "32": {
          "loc": { "start": { "line": 188, "column": 6 }, "end": { "line": 188, "column": 58 } },
          "type": "binary-expr",
          "locations": [
            { "start": { "line": 188, "column": 6 }, "end": { "line": 188, "column": 39 } },
            { "start": { "line": 188, "column": 39 }, "end": { "line": 188, "column": 58 } }
          ],
          "line": 188
        }
      },
      "s": {
        "0": 0,
        "1": 0,
        "2": 0,
        "3": 0,
        "4": 0,
        "5": 0,
        "6": 0,
        "7": 0,
        "8": 0,
        "9": 0,
        "10": 0,
        "11": 0,
        "12": 0,
        "13": 0,
        "14": 0,
        "15": 0,
        "16": 0,
        "17": 0,
        "18": 0,
        "19": 0,
        "20": 0,
        "21": 0,
        "22": 0,
        "23": 0,
        "24": 0,
        "25": 0,
        "26": 0,
        "27": 0,
        "28": 0,
        "29": 0,
        "30": 0,
        "31": 0,
        "32": 0,
        "33": 0,
        "34": 0,
        "35": 0,
        "36": 0,
        "37": 0,
        "38": 0,
        "39": 0,
        "40": 0,
        "41": 0,
        "42": 0,
        "43": 0,
        "44": 0,
        "45": 0,
        "46": 0,
        "47": 0,
        "48": 0,
        "49": 0,
        "50": 0,
        "51": 0,
        "52": 0,
        "53": 0,
        "54": 0
      },
      "f": {
        "0": 0,
        "1": 0,
        "2": 0,
        "3": 0,
        "4": 0,
        "5": 0,
        "6": 0,
        "7": 0,
        "8": 0,
        "9": 0,
        "10": 0,
        "11": 0,
        "12": 0,
        "13": 0,
        "14": 0,
        "15": 0,
        "16": 0,
        "17": 0,
        "18": 0
      },
      "b": {
        "0": [0, 0],
        "1": [0, 0],
        "2": [0, 0],
        "3": [0, 0],
        "4": [0, 0],
        "5": [0, 0],
        "6": [0, 0],
        "7": [0, 0],
        "8": [0, 0],
        "9": [0, 0],
        "10": [0, 0],
        "11": [0, 0],
        "12": [0, 0],
        "13": [0, 0],
        "14": [0, 0],
        "15": [0, 0],
        "16": [0, 0],
        "17": [0, 0],
        "18": [0, 0],
        "19": [0, 0],
        "20": [0, 0],
        "21": [0, 0],
        "22": [0, 0],
        "23": [0, 0],
        "24": [0, 0],
        "25": [0, 0],
        "26": [0, 0],
        "27": [0, 0],
        "28": [0, 0],
        "29": [0, 0],
        "30": [0, 0],
        "31": [0, 0],
        "32": [0, 0]
      },
      "meta": {
        "lastBranch": 33,
        "lastFunction": 19,
        "lastStatement": 55,
        "seen": {
          "f:9:16:9:44": 0,
          "b:10:2:12:Infinity:undefined:undefined:undefined:undefined": 0,
          "s:10:2:12:Infinity": 0,
          "s:11:4:11:Infinity": 1,
          "s:13:2:13:Infinity": 2,
          "f:19:16:19:48": 1,
          "b:20:2:22:Infinity:undefined:undefined:undefined:undefined": 1,
          "s:20:2:22:Infinity": 3,
          "s:21:4:21:Infinity": 4,
          "s:23:2:23:Infinity": 5,
          "f:29:16:29:50": 2,
          "b:30:2:32:Infinity:undefined:undefined:undefined:undefined": 2,
          "s:30:2:32:Infinity": 6,
          "s:31:4:31:Infinity": 7,
          "s:33:2:33:Infinity": 8,
          "f:39:16:39:51": 3,
          "b:40:2:42:Infinity:undefined:undefined:undefined:undefined": 3,
          "s:40:2:42:Infinity": 9,
          "b:40:6:40:39:40:39:40:60": 4,
          "s:41:4:41:Infinity": 10,
          "s:43:2:43:Infinity": 11,
          "f:49:16:49:53": 4,
          "b:50:2:52:Infinity:undefined:undefined:undefined:undefined": 5,
          "s:50:2:52:Infinity": 12,
          "b:50:6:50:39:50:39:50:62": 6,
          "s:51:4:51:Infinity": 13,
          "s:53:2:53:Infinity": 14,
          "f:59:16:59:48": 5,
          "b:60:2:62:Infinity:undefined:undefined:undefined:undefined": 7,
          "s:60:2:62:Infinity": 15,
          "b:60:6:60:39:60:39:60:56": 8,
          "s:61:4:61:Infinity": 16,
          "s:63:2:63:Infinity": 17,
          "f:69:16:69:34": 6,
          "s:70:2:70:Infinity": 18,
          "f:76:16:76:37": 7,
          "b:77:2:79:Infinity:undefined:undefined:undefined:undefined": 9,
          "s:77:2:79:Infinity": 19,
          "s:78:4:78:Infinity": 20,
          "s:80:2:80:Infinity": 21,
          "f:86:16:86:35": 8,
          "b:87:2:89:Infinity:undefined:undefined:undefined:undefined": 10,
          "s:87:2:89:Infinity": 22,
          "b:87:6:87:39:87:39:87:58": 11,
          "s:88:4:88:Infinity": 23,
          "s:91:2:95:Infinity": 24,
          "f:91:65:91:75": 9,
          "s:92:15:92:Infinity": 25,
          "s:93:14:93:Infinity": 26,
          "b:93:26:93:31:93:31:93:Infinity": 12,
          "s:94:4:94:Infinity": 27,
          "f:101:16:101:47": 10,
          "b:102:2:104:Infinity:undefined:undefined:undefined:undefined": 13,
          "s:102:2:104:Infinity": 28,
          "b:102:6:102:39:102:39:102:64": 14,
          "s:103:4:103:Infinity": 29,
          "s:105:2:105:Infinity": 30,
          "f:111:16:111:68": 11,
          "b:112:2:117:Infinity:undefined:undefined:undefined:undefined": 15,
          "s:112:2:117:Infinity": 31,
          "b:112:6:112:39:112:39:112:54": 16,
          "s:113:4:116:Infinity": 32,
          "s:118:2:118:Infinity": 33,
          "f:124:16:124:70": 12,
          "b:125:2:130:Infinity:undefined:undefined:undefined:undefined": 17,
          "s:125:2:130:Infinity": 34,
          "s:126:4:129:Infinity": 35,
          "b:127:13:127:34:127:34:127:Infinity": 18,
          "b:128:14:128:36:128:36:128:Infinity": 19,
          "s:131:2:131:Infinity": 36,
          "f:137:16:137:44": 13,
          "b:138:2:140:Infinity:undefined:undefined:undefined:undefined": 20,
          "s:138:2:140:Infinity": 37,
          "b:138:6:138:42:138:42:138:74": 21,
          "s:139:4:139:Infinity": 38,
          "s:141:2:141:Infinity": 39,
          "f:147:16:147:40": 14,
          "b:148:2:150:Infinity:undefined:undefined:undefined:undefined": 22,
          "s:148:2:150:Infinity": 40,
          "b:148:6:148:42:148:42:148:63": 23,
          "s:149:4:149:Infinity": 41,
          "s:151:2:151:Infinity": 42,
          "f:157:16:157:39": 15,
          "b:158:2:160:Infinity:undefined:undefined:undefined:undefined": 24,
          "s:158:2:160:Infinity": 43,
          "b:158:6:158:42:158:42:158:62": 25,
          "s:159:4:159:Infinity": 44,
          "s:161:2:161:Infinity": 45,
          "f:167:16:167:39": 16,
          "b:168:2:170:Infinity:undefined:undefined:undefined:undefined": 26,
          "s:168:2:170:Infinity": 46,
          "b:168:6:168:37:168:37:168:58": 27,
          "s:169:4:169:Infinity": 47,
          "s:171:2:171:Infinity": 48,
          "f:177:16:177:52": 17,
          "b:178:2:180:Infinity:undefined:undefined:undefined:undefined": 28,
          "s:178:2:180:Infinity": 49,
          "b:178:6:178:39:178:39:178:58": 29,
          "s:179:4:179:Infinity": 50,
          "b:179:71:179:80:179:80:179:Infinity": 30,
          "s:181:2:181:Infinity": 51,
          "f:187:16:187:45": 18,
          "b:188:2:190:Infinity:undefined:undefined:undefined:undefined": 31,
          "s:188:2:190:Infinity": 52,
          "b:188:6:188:39:188:39:188:58": 32,
          "s:189:4:189:Infinity": 53,
          "s:191:2:191:Infinity": 54
        }
      }
    }
  }
}
